1944	130.000000	pony/pony_00002.jpg
1047	60.000000	Jumpy/Jumpy_108.jpg
940	53.000000	Javette/Javette_108.jpg
1146	67.000000	Lola/Lola_00014.jpg
736	41.000000	Frankie/Frankie_112.jpg
72	3.000000	Angel/Angel_00016.jpg
549	31.000000	Donkeyote/Donkeyote_00015.jpg
1273	74.000000	Myra/Myra_00017.jpg
122	5.000000	Archie/Archie_00018.jpg
847	48.000000	Hope/Hope_00001.jpg
1246	72.000000	Moses/Moses_00010.jpg
129	5.000000	Archie/Archie_00025.jpg
1750	109.000000	Tonic/Tonic_00001.jpg
1318	78.000000	Paddy/Paddy_103.jpg
708	38.000000	Eva/Eva_108.jpg
1782	112.000000	Trixie/Trixie_00001.jpg
490	27.000000	Dennis/Dennis_00005.jpg
1919	123.000000	colinjr/colinjr_00003.jpg
684	37.000000	Emyr/Emyr_00018.jpg
1511	93.000000	Rosie Lee/Rosie Lee_00002.jpg
1614	99.000000	Scottie/Scottie_00002.jpg
487	27.000000	Dennis/Dennis_00002.jpg
275	13.000000	Betty/Betty_00007.jpg
951	55.000000	Jill/Jill_102.jpg
1741	108.000000	Toby/Toby_00010.jpg
30	1.000000	Amberley/Amberley_107.jpg
474	26.000000	Dave/Dave_00008.jpg
974	56.000000	Jimbob/Jimbob_00020.jpg
982	56.000000	Jimbob/Jimbob_107.jpg
381	20.000000	Coco/Coco_00005.jpg
920	52.000000	Jack/Jack_109.jpg
264	12.000000	Belle Helene/Belle Helene_112.jpg
162	7.000000	Augustus/Augustus_00011.jpg
741	42.000000	Frida/Frida_00004.jpg
1634	100.000000	Sid/Sid_00013.jpg
1283	75.000000	Nick/Nick_00006.jpg
600	33.000000	Dylan/Dylan_00021.jpg
1250	72.000000	Moses/Moses_109.jpg
260	12.000000	Belle Helene/Belle Helene_00015.jpg
631	34.000000	Eddie/Eddie_00027.jpg
1434	88.000000	Popcorn (poppy)/Popcorn (poppy)_00000.jpg
67	3.000000	Angel/Angel_00009.jpg
452	25.000000	Daphne/Daphne_00003.jpg
1405	84.000000	Pinto/Pinto_111.jpg
1688	103.000000	Tabby/Tabby_00010.jpg
1517	93.000000	Rosie Lee/Rosie Lee_00008.jpg
262	12.000000	Belle Helene/Belle Helene_110.jpg
786	44.000000	Galentine/Galentine_102.jpg
355	19.000000	China/China_00002.jpg
583	33.000000	Dylan/Dylan_00004.jpg
762	43.000000	Gabby/Gabby_102.jpg
437	24.000000	Daffyd/Daffyd_00015.jpg
59	3.000000	Angel/Angel_00001.jpg
1515	93.000000	Rosie Lee/Rosie Lee_00006.jpg
1662	101.000000	Smudgie/Smudgie_105.jpg
1573	95.000000	Rupert/Rupert_00036.jpg
403	21.000000	Cocoa Pops/Cocoa Pops_110.jpg
737	42.000000	Frida/Frida_00000.jpg
465	25.000000	Daphne/Daphne_107.jpg
1478	91.000000	Rose/Rose_00001.jpg
1557	95.000000	Rupert/Rupert_00020.jpg
1604	97.000000	Sammy/Sammy_113.jpg
1350	81.000000	Perky/Perky_00000.jpg
1935	128.000000	helene/helene_00000.jpg
794	45.000000	Geraldine/Geraldine_00002.jpg
425	24.000000	Daffyd/Daffyd_00003.jpg
685	37.000000	Emyr/Emyr_00019.jpg
494	27.000000	Dennis/Dennis_00009.jpg
1680	103.000000	Tabby/Tabby_00002.jpg
284	14.000000	Blakey/Blakey_00005.jpg
43	2.000000	Andy/Andy_00012.jpg
707	38.000000	Eva/Eva_107.jpg
1661	101.000000	Smudgie/Smudgie_00017.jpg
486	27.000000	Dennis/Dennis_00001.jpg
160	7.000000	Augustus/Augustus_00009.jpg
1588	96.000000	Ryan/Ryan_113.jpg
389	20.000000	Coco/Coco_108.jpg
1399	83.000000	Pinky/Pinky_108.jpg
882	50.000000	Hulk/Hulk_00004.jpg
833	46.000000	Hannah/Hannah_110.jpg
1347	80.000000	Pearl/Pearl_00001.jpg
755	42.000000	Frida/Frida_102.jpg
1142	67.000000	Lola/Lola_00010.jpg
1608	98.000000	Samson/Samson_00000.jpg
1109	65.000000	Lenny/Lenny_103.jpg
857	48.000000	Hope/Hope_103.jpg
241	11.000000	Bear/Bear_00010.jpg
228	10.000000	Barnaby/Barnaby_105.jpg
1201	70.000000	Marie Ange/Marie Ange_00005.jpg
1188	69.000000	Major/Major_00009.jpg
723	40.000000	Frank/Frank_00012.jpg
1300	77.000000	Olivia/Olivia_00000.jpg
426	24.000000	Daffyd/Daffyd_00004.jpg
1057	61.000000	Koko/Koko_00009.jpg
108	5.000000	Archie/Archie_00004.jpg
1101	64.000000	Leighton/Leighton_102.jpg
479	26.000000	Dave/Dave_00013.jpg
617	34.000000	Eddie/Eddie_00012.jpg
15	0.000000	Amber/Amber_00015.jpg
529	30.000000	Dolly/Dolly_00002.jpg
345	18.000000	Charity/Charity_00010.jpg
236	11.000000	Bear/Bear_00004.jpg
1290	76.000000	Noah/Noah_00005.jpg
1890	118.000000	Woody/Woody_00008.jpg
339	18.000000	Charity/Charity_00004.jpg
648	35.000000	Eiffion/Eiffion_103.jpg
1703	105.000000	Theo/Theo_00006.jpg
1592	97.000000	Sammy/Sammy_00002.jpg
784	44.000000	Galentine/Galentine_00021.jpg
560	32.000000	Dora/Dora_00001.jpg
1914	121.000000	boy/boy_00002.jpg
1119	66.000000	Lily/Lily_00009.jpg
408	22.000000	Colin Jnr/Colin Jnr_00003.jpg
1092	64.000000	Leighton/Leighton_00011.jpg
401	21.000000	Cocoa Pops/Cocoa Pops_103.jpg
295	15.000000	Buster/Buster_104.jpg
140	6.000000	Archie Baby/Archie Baby_00002.jpg
1077	62.000000	Larry/Larry_00009.jpg
1120	66.000000	Lily/Lily_00010.jpg
116	5.000000	Archie/Archie_00012.jpg
1892	118.000000	Woody/Woody_00010.jpg
1858	116.000000	Wizzy/Wizzy_00005.jpg
439	24.000000	Daffyd/Daffyd_00017.jpg
1713	106.000000	Thomas/Thomas_00002.jpg
1367	82.000000	Phantom/Phantom_00006.jpg
1685	103.000000	Tabby/Tabby_00007.jpg
1565	95.000000	Rupert/Rupert_00028.jpg
1849	115.000000	Wilfie/Wilfie_00015.jpg
997	58.000000	Joseph/Joseph_00000.jpg
899	51.000000	India/India_00012.jpg
1429	87.000000	Popcorn/Popcorn_105.jpg
1730	107.000000	Tim/Tim_111.jpg
1131	66.000000	Lily/Lily_105.jpg
724	40.000000	Frank/Frank_00013.jpg
1779	111.000000	Trevor/Trevor_111.jpg
883	50.000000	Hulk/Hulk_00005.jpg
1449	89.000000	Poppy/Poppy_00005.jpg
1017	59.000000	Josephine/Josephine_00006.jpg
442	24.000000	Daffyd/Daffyd_00020.jpg
1094	64.000000	Leighton/Leighton_00013.jpg
1416	86.000000	Poncho/Poncho_00002.jpg
1431	87.000000	Popcorn/Popcorn_107.jpg
1728	107.000000	Tim/Tim_103.jpg
837	47.000000	Harvey/Harvey_00003.jpg
471	26.000000	Dave/Dave_00005.jpg
1220	71.000000	Molly/Molly_00006.jpg
1473	90.000000	Prune/Prune_00014.jpg
1530	94.000000	Ruby/Ruby_00008.jpg
501	27.000000	Dennis/Dennis_00016.jpg
16	0.000000	Amber/Amber_00016.jpg
138	6.000000	Archie Baby/Archie Baby_00000.jpg
1729	107.000000	Tim/Tim_104.jpg
250	12.000000	Belle Helene/Belle Helene_00004.jpg
894	51.000000	India/India_00007.jpg
1	0.000000	Amber/Amber_00001.jpg
68	3.000000	Angel/Angel_00010.jpg
1652	101.000000	Smudgie/Smudgie_00008.jpg
838	47.000000	Harvey/Harvey_00004.jpg
1526	94.000000	Ruby/Ruby_00003.jpg
1244	72.000000	Moses/Moses_00007.jpg
1618	99.000000	Scottie/Scottie_00006.jpg
440	24.000000	Daffyd/Daffyd_00018.jpg
364	19.000000	China/China_00013.jpg
1102	64.000000	Leighton/Leighton_103.jpg
606	34.000000	Eddie/Eddie_00000.jpg
83	4.000000	Angus/Angus_00002.jpg
1175	68.000000	Luckie/Luckie_00019.jpg
699	38.000000	Eva/Eva_00012.jpg
1090	64.000000	Leighton/Leighton_00009.jpg
650	35.000000	Eiffion/Eiffion_105.jpg
1014	59.000000	Josephine/Josephine_00003.jpg
861	49.000000	Hovis/Hovis_00003.jpg
749	42.000000	Frida/Frida_00015.jpg
1654	101.000000	Smudgie/Smudgie_00010.jpg
1537	95.000000	Rupert/Rupert_00000.jpg
1423	86.000000	Poncho/Poncho_00011.jpg
1147	67.000000	Lola/Lola_00015.jpg
1940	129.000000	jack/jack_00001.jpg
1899	118.000000	Woody/Woody_102.jpg
626	34.000000	Eddie/Eddie_00022.jpg
1921	124.000000	dec/dec_00002.jpg
658	36.000000	Elvis/Elvis_00008.jpg
121	5.000000	Archie/Archie_00017.jpg
1231	71.000000	Molly/Molly_00017.jpg
1911	120.000000	baby/baby_00003.jpg
902	51.000000	India/India_00015.jpg
244	11.000000	Bear/Bear_111.jpg
694	38.000000	Eva/Eva_00007.jpg
272	13.000000	Betty/Betty_00004.jpg
893	51.000000	India/India_00006.jpg
1337	79.000000	Paddy O/Paddy O_00013.jpg
407	22.000000	Colin Jnr/Colin Jnr_00002.jpg
1394	83.000000	Pinky/Pinky_00012.jpg
1141	67.000000	Lola/Lola_00009.jpg
8	0.000000	Amber/Amber_00008.jpg
991	57.000000	Jiva/Jiva_00006.jpg
829	46.000000	Hannah/Hannah_00019.jpg
458	25.000000	Daphne/Daphne_00009.jpg
358	19.000000	China/China_00006.jpg
1532	94.000000	Ruby/Ruby_103.jpg
1670	102.000000	Sunny/Sunny_00002.jpg
1359	81.000000	Perky/Perky_00011.jpg
1541	95.000000	Rupert/Rupert_00004.jpg
1765	110.000000	Treacle/Treacle_110.jpg
63	3.000000	Angel/Angel_00005.jpg
842	47.000000	Harvey/Harvey_00008.jpg
652	36.000000	Elvis/Elvis_00001.jpg
1498	92.000000	Rosie/Rosie_00006.jpg
26	1.000000	Amberley/Amberley_102.jpg
846	48.000000	Hope/Hope_00000.jpg
1418	86.000000	Poncho/Poncho_00005.jpg
1738	108.000000	Toby/Toby_00007.jpg
1689	103.000000	Tabby/Tabby_00011.jpg
1529	94.000000	Ruby/Ruby_00007.jpg
653	36.000000	Elvis/Elvis_00002.jpg
481	26.000000	Dave/Dave_102.jpg
859	49.000000	Hovis/Hovis_00001.jpg
296	15.000000	Buster/Buster_105.jpg
1330	79.000000	Paddy O/Paddy O_00005.jpg
698	38.000000	Eva/Eva_00011.jpg
350	18.000000	Charity/Charity_106.jpg
901	51.000000	India/India_00014.jpg
866	49.000000	Hovis/Hovis_00008.jpg
1025	59.000000	Josephine/Josephine_00014.jpg
234	11.000000	Bear/Bear_00002.jpg
462	25.000000	Daphne/Daphne_103.jpg
1181	69.000000	Major/Major_00001.jpg
306	16.000000	Buttons/Buttons_00006.jpg
266	12.000000	Belle Helene/Belle Helene_114.jpg
134	5.000000	Archie/Archie_105.jpg
1742	108.000000	Toby/Toby_00011.jpg
963	56.000000	Jimbob/Jimbob_00007.jpg
1376	82.000000	Phantom/Phantom_00016.jpg
1299	76.000000	Noah/Noah_114.jpg
1232	71.000000	Molly/Molly_00019.jpg
100	4.000000	Angus/Angus_106.jpg
221	10.000000	Barnaby/Barnaby_00012.jpg
1229	71.000000	Molly/Molly_00015.jpg
1774	111.000000	Trevor/Trevor_00007.jpg
562	32.000000	Dora/Dora_00003.jpg
1216	71.000000	Molly/Molly_00002.jpg
1382	83.000000	Pinky/Pinky_00000.jpg
340	18.000000	Charity/Charity_00005.jpg
49	2.000000	Andy/Andy_00018.jpg
647	35.000000	Eiffion/Eiffion_102.jpg
993	57.000000	Jiva/Jiva_00008.jpg
840	47.000000	Harvey/Harvey_00006.jpg
622	34.000000	Eddie/Eddie_00017.jpg
1153	67.000000	Lola/Lola_104.jpg
841	47.000000	Harvey/Harvey_00007.jpg
1430	87.000000	Popcorn/Popcorn_106.jpg
729	40.000000	Frank/Frank_00019.jpg
94	4.000000	Angus/Angus_00014.jpg
155	7.000000	Augustus/Augustus_00004.jpg
396	21.000000	Cocoa Pops/Cocoa Pops_00001.jpg
253	12.000000	Belle Helene/Belle Helene_00007.jpg
906	51.000000	India/India_00019.jpg
1369	82.000000	Phantom/Phantom_00009.jpg
1223	71.000000	Molly/Molly_00009.jpg
1552	95.000000	Rupert/Rupert_00015.jpg
1043	60.000000	Jumpy/Jumpy_00008.jpg
1048	61.000000	Koko/Koko_00000.jpg
178	8.000000	Autumn/Autumn_00000.jpg
1624	100.000000	Sid/Sid_00003.jpg
125	5.000000	Archie/Archie_00021.jpg
558	31.000000	Donkeyote/Donkeyote_121.jpg
1138	67.000000	Lola/Lola_00006.jpg
1255	73.000000	Murphy/Murphy_103.jpg
423	24.000000	Daffyd/Daffyd_00001.jpg
1356	81.000000	Perky/Perky_00007.jpg
1320	78.000000	Paddy/Paddy_115.jpg
557	31.000000	Donkeyote/Donkeyote_116.jpg
1191	69.000000	Major/Major_00012.jpg
1487	91.000000	Rose/Rose_00010.jpg
605	33.000000	Dylan/Dylan_109.jpg
1619	99.000000	Scottie/Scottie_00007.jpg
523	29.000000	Diana/Diana_102.jpg
1824	114.000000	Twinkle/Twinkle_00006.jpg
535	30.000000	Dolly/Dolly_109.jpg
945	54.000000	Jenny/Jenny_00003.jpg
1804	113.000000	Twiggy/Twiggy_00012.jpg
522	29.000000	Diana/Diana_00010.jpg
115	5.000000	Archie/Archie_00011.jpg
1520	93.000000	Rosie Lee/Rosie Lee_112.jpg
714	40.000000	Frank/Frank_00001.jpg
271	13.000000	Betty/Betty_00003.jpg
150	6.000000	Archie Baby/Archie Baby_110.jpg
33	2.000000	Andy/Andy_00002.jpg
411	22.000000	Colin Jnr/Colin Jnr_00007.jpg
1865	116.000000	Wizzy/Wizzy_00015.jpg
1855	116.000000	Wizzy/Wizzy_00002.jpg
1605	97.000000	Sammy/Sammy_114.jpg
17	0.000000	Amber/Amber_00017.jpg
224	10.000000	Barnaby/Barnaby_00015.jpg
1118	66.000000	Lily/Lily_00007.jpg
489	27.000000	Dennis/Dennis_00004.jpg
706	38.000000	Eva/Eva_106.jpg
1900	118.000000	Woody/Woody_104.jpg
668	37.000000	Emyr/Emyr_00002.jpg
1439	88.000000	Popcorn (poppy)/Popcorn (poppy)_00005.jpg
688	38.000000	Eva/Eva_00001.jpg
512	29.000000	Diana/Diana_00000.jpg
1192	69.000000	Major/Major_00013.jpg
12	0.000000	Amber/Amber_00012.jpg
206	9.000000	Barbara/Barbara_00013.jpg
765	43.000000	Gabby/Gabby_109.jpg
1345	79.000000	Paddy O/Paddy O_112.jpg
220	10.000000	Barnaby/Barnaby_00011.jpg
1211	70.000000	Marie Ange/Marie Ange_00015.jpg
191	8.000000	Autumn/Autumn_104.jpg
1308	77.000000	Olivia/Olivia_00008.jpg
1035	60.000000	Jumpy/Jumpy_00000.jpg
584	33.000000	Dylan/Dylan_00005.jpg
1503	92.000000	Rosie/Rosie_00011.jpg
1497	92.000000	Rosie/Rosie_00005.jpg
1716	106.000000	Thomas/Thomas_00005.jpg
745	42.000000	Frida/Frida_00011.jpg
367	19.000000	China/China_00016.jpg
1139	67.000000	Lola/Lola_00007.jpg
1886	118.000000	Woody/Woody_00001.jpg
1602	97.000000	Sammy/Sammy_111.jpg
776	44.000000	Galentine/Galentine_00011.jpg
780	44.000000	Galentine/Galentine_00015.jpg
1674	102.000000	Sunny/Sunny_107.jpg
1186	69.000000	Major/Major_00007.jpg
1676	102.000000	Sunny/Sunny_109.jpg
877	49.000000	Hovis/Hovis_102.jpg
900	51.000000	India/India_00013.jpg
612	34.000000	Eddie/Eddie_00007.jpg
1274	74.000000	Myra/Myra_00018.jpg
1212	70.000000	Marie Ange/Marie Ange_00016.jpg
884	50.000000	Hulk/Hulk_00006.jpg
1603	97.000000	Sammy/Sammy_112.jpg
1259	74.000000	Myra/Myra_00001.jpg
915	52.000000	Jack/Jack_104.jpg
803	45.000000	Geraldine/Geraldine_00012.jpg
1128	66.000000	Lily/Lily_102.jpg
1245	72.000000	Moses/Moses_00008.jpg
1733	108.000000	Toby/Toby_00002.jpg
536	31.000000	Donkeyote/Donkeyote_00000.jpg
1409	85.000000	Pinto O'Sullivan/Pinto O'Sullivan_00003.jpg
1395	83.000000	Pinky/Pinky_00013.jpg
422	24.000000	Daffyd/Daffyd_00000.jpg
628	34.000000	Eddie/Eddie_00024.jpg
48	2.000000	Andy/Andy_00017.jpg
1789	112.000000	Trixie/Trixie_00008.jpg
133	5.000000	Archie/Archie_102.jpg
875	49.000000	Hovis/Hovis_00017.jpg
1859	116.000000	Wizzy/Wizzy_00006.jpg
865	49.000000	Hovis/Hovis_00007.jpg
1391	83.000000	Pinky/Pinky_00009.jpg
1380	82.000000	Phantom/Phantom_105.jpg
1848	115.000000	Wilfie/Wilfie_00014.jpg
1732	108.000000	Toby/Toby_00001.jpg
785	44.000000	Galentine/Galentine_00022.jpg
183	8.000000	Autumn/Autumn_00005.jpg
775	44.000000	Galentine/Galentine_00010.jpg
353	19.000000	China/China_00000.jpg
1843	115.000000	Wilfie/Wilfie_00009.jpg
37	2.000000	Andy/Andy_00006.jpg
853	48.000000	Hope/Hope_00007.jpg
451	25.000000	Daphne/Daphne_00002.jpg
1154	67.000000	Lola/Lola_105.jpg
700	38.000000	Eva/Eva_00013.jpg
139	6.000000	Archie Baby/Archie Baby_00001.jpg
70	3.000000	Angel/Angel_00014.jpg
1536	94.000000	Ruby/Ruby_111.jpg
1339	79.000000	Paddy O/Paddy O_00015.jpg
285	14.000000	Blakey/Blakey_00006.jpg
84	4.000000	Angus/Angus_00003.jpg
511	28.000000	Desmond/Desmond_106flip.jpg
954	55.000000	Jill/Jill_103flip.jpg
161	7.000000	Augustus/Augustus_00010.jpg
1555	95.000000	Rupert/Rupert_00018.jpg
1304	77.000000	Olivia/Olivia_00004.jpg
926	53.000000	Javette/Javette_00004.jpg
913	52.000000	Jack/Jack_102.jpg
957	56.000000	Jimbob/Jimbob_00001.jpg
384	20.000000	Coco/Coco_103.jpg
1438	88.000000	Popcorn (poppy)/Popcorn (poppy)_00004.jpg
1523	94.000000	Ruby/Ruby_00000.jpg
113	5.000000	Archie/Archie_00009.jpg
541	31.000000	Donkeyote/Donkeyote_00005.jpg
28	1.000000	Amberley/Amberley_104.jpg
383	20.000000	Coco/Coco_00007.jpg
1902	118.000000	Woody/Woody_106.jpg
671	37.000000	Emyr/Emyr_00005.jpg
313	16.000000	Buttons/Buttons_00014.jpg
375	19.000000	China/China_114.jpg
362	19.000000	China/China_00011.jpg
960	56.000000	Jimbob/Jimbob_00004.jpg
444	24.000000	Daffyd/Daffyd_103.jpg
1623	100.000000	Sid/Sid_00002.jpg
90	4.000000	Angus/Angus_00009.jpg
1451	89.000000	Poppy/Poppy_00007.jpg
1915	121.000000	boy/boy_00003.jpg
55	2.000000	Andy/Andy_112.jpg
1799	113.000000	Twiggy/Twiggy_00007.jpg
504	27.000000	Dennis/Dennis_00019.jpg
1371	82.000000	Phantom/Phantom_00011.jpg
1701	105.000000	Theo/Theo_00004.jpg
1214	71.000000	Molly/Molly_00000.jpg
885	50.000000	Hulk/Hulk_00007.jpg
1878	117.000000	Womble/Womble_00004.jpg
1544	95.000000	Rupert/Rupert_00007.jpg
1625	100.000000	Sid/Sid_00004.jpg
238	11.000000	Bear/Bear_00007.jpg
1726	107.000000	Tim/Tim_00007.jpg
1719	107.000000	Tim/Tim_00000.jpg
925	53.000000	Javette/Javette_00003.jpg
760	42.000000	Frida/Frida_120.jpg
112	5.000000	Archie/Archie_00008.jpg
660	36.000000	Elvis/Elvis_00011.jpg
1672	102.000000	Sunny/Sunny_00006.jpg
1734	108.000000	Toby/Toby_00003.jpg
807	45.000000	Geraldine/Geraldine_00016.jpg
1270	74.000000	Myra/Myra_00014.jpg
1441	88.000000	Popcorn (poppy)/Popcorn (poppy)_00007.jpg
1854	116.000000	Wizzy/Wizzy_00001.jpg
1657	101.000000	Smudgie/Smudgie_00013.jpg
730	40.000000	Frank/Frank_00020.jpg
561	32.000000	Dora/Dora_00002.jpg
1852	115.000000	Wilfie/Wilfie_103.jpg
1768	111.000000	Trevor/Trevor_00001.jpg
1172	68.000000	Luckie/Luckie_00016.jpg
168	7.000000	Augustus/Augustus_00017.jpg
1568	95.000000	Rupert/Rupert_00031.jpg
172	7.000000	Augustus/Augustus_00022.jpg
1727	107.000000	Tim/Tim_00008.jpg
774	44.000000	Galentine/Galentine_00009.jpg
1650	101.000000	Smudgie/Smudgie_00005.jpg
159	7.000000	Augustus/Augustus_00008.jpg
141	6.000000	Archie Baby/Archie Baby_00003.jpg
500	27.000000	Dennis/Dennis_00015.jpg
1551	95.000000	Rupert/Rupert_00014.jpg
346	18.000000	Charity/Charity_00012.jpg
404	21.000000	Cocoa Pops/Cocoa Pops_111.jpg
1052	61.000000	Koko/Koko_00004.jpg
1258	73.000000	Murphy/Murphy_110flip.jpg
1538	95.000000	Rupert/Rupert_00001.jpg
1387	83.000000	Pinky/Pinky_00005.jpg
461	25.000000	Daphne/Daphne_00013.jpg
778	44.000000	Galentine/Galentine_00013.jpg
1064	61.000000	Koko/Koko_00016.jpg
1659	101.000000	Smudgie/Smudgie_00015.jpg
1482	91.000000	Rose/Rose_00005.jpg
800	45.000000	Geraldine/Geraldine_00008.jpg
1509	92.000000	Rosie/Rosie_109.jpg
1553	95.000000	Rupert/Rupert_00016.jpg
890	51.000000	India/India_00002.jpg
1908	120.000000	baby/baby_00000.jpg
341	18.000000	Charity/Charity_00006.jpg
1875	117.000000	Womble/Womble_00000.jpg
473	26.000000	Dave/Dave_00007.jpg
378	20.000000	Coco/Coco_00002.jpg
1235	71.000000	Molly/Molly_103.jpg
1442	88.000000	Popcorn (poppy)/Popcorn (poppy)_00008.jpg
76	3.000000	Angel/Angel_113.jpg
602	33.000000	Dylan/Dylan_102.jpg
1020	59.000000	Josephine/Josephine_00009.jpg
1123	66.000000	Lily/Lily_00013.jpg
1321	78.000000	Paddy/Paddy_116.jpg
385	20.000000	Coco/Coco_104.jpg
343	18.000000	Charity/Charity_00008.jpg
483	26.000000	Dave/Dave_104.jpg
42	2.000000	Andy/Andy_00011.jpg
1233	71.000000	Molly/Molly_00020.jpg
844	47.000000	Harvey/Harvey_00010.jpg
1938	128.000000	helene/helene_00003.jpg
1698	105.000000	Theo/Theo_00001.jpg
1031	59.000000	Josephine/Josephine_103.jpg
1003	58.000000	Joseph/Joseph_00007.jpg
1346	80.000000	Pearl/Pearl_00000.jpg
742	42.000000	Frida/Frida_00005.jpg
1361	81.000000	Perky/Perky_103.jpg
534	30.000000	Dolly/Dolly_00009.jpg
463	25.000000	Daphne/Daphne_104.jpg
1609	98.000000	Samson/Samson_00001.jpg
1268	74.000000	Myra/Myra_00012.jpg
946	54.000000	Jenny/Jenny_00004.jpg
1636	100.000000	Sid/Sid_00015.jpg
131	5.000000	Archie/Archie_00027.jpg
1032	59.000000	Josephine/Josephine_104.jpg
1370	82.000000	Phantom/Phantom_00010.jpg
246	12.000000	Belle Helene/Belle Helene_00000.jpg
153	7.000000	Augustus/Augustus_00002.jpg
331	17.000000	Charford Jack/Charford Jack_00002.jpg
1663	101.000000	Smudgie/Smudgie_106.jpg
1660	101.000000	Smudgie/Smudgie_00016.jpg
1616	99.000000	Scottie/Scottie_00004.jpg
874	49.000000	Hovis/Hovis_00016.jpg
368	19.000000	China/China_00017.jpg
919	52.000000	Jack/Jack_108.jpg
1805	113.000000	Twiggy/Twiggy_00013.jpg
412	22.000000	Colin Jnr/Colin Jnr_00008.jpg
525	29.000000	Diana/Diana_107.jpg
1194	69.000000	Major/Major_00015.jpg
903	51.000000	India/India_00016.jpg
382	20.000000	Coco/Coco_00006.jpg
746	42.000000	Frida/Frida_00012.jpg
1477	91.000000	Rose/Rose_00000.jpg
1629	100.000000	Sid/Sid_00008.jpg
1943	130.000000	pony/pony_00000.jpg
1392	83.000000	Pinky/Pinky_00010.jpg
635	35.000000	Eiffion/Eiffion_00000.jpg
1882	117.000000	Womble/Womble_103.jpg
1821	114.000000	Twinkle/Twinkle_00003.jpg
229	10.000000	Barnaby/Barnaby_106.jpg
740	42.000000	Frida/Frida_00003.jpg
1777	111.000000	Trevor/Trevor_00010.jpg
1206	70.000000	Marie Ange/Marie Ange_00010.jpg
1830	114.000000	Twinkle/Twinkle_00012.jpg
697	38.000000	Eva/Eva_00010.jpg
1097	64.000000	Leighton/Leighton_00016.jpg
869	49.000000	Hovis/Hovis_00011.jpg
1028	59.000000	Josephine/Josephine_00017.jpg
1595	97.000000	Sammy/Sammy_00006.jpg
1278	75.000000	Nick/Nick_00001.jpg
1679	103.000000	Tabby/Tabby_00001.jpg
230	10.000000	Barnaby/Barnaby_107.jpg
1714	106.000000	Thomas/Thomas_00003.jpg
770	44.000000	Galentine/Galentine_00005.jpg
1664	101.000000	Smudgie/Smudgie_107.jpg
856	48.000000	Hope/Hope_102.jpg
596	33.000000	Dylan/Dylan_00017.jpg
239	11.000000	Bear/Bear_00008.jpg
701	38.000000	Eva/Eva_00014.jpg
932	53.000000	Javette/Javette_00010.jpg
273	13.000000	Betty/Betty_00005.jpg
676	37.000000	Emyr/Emyr_00010.jpg
959	56.000000	Jimbob/Jimbob_00003.jpg
949	54.000000	Jenny/Jenny_00007.jpg
860	49.000000	Hovis/Hovis_00002.jpg
175	7.000000	Augustus/Augustus_109.jpg
372	19.000000	China/China_111.jpg
1795	113.000000	Twiggy/Twiggy_00003.jpg
1205	70.000000	Marie Ange/Marie Ange_00009.jpg
1643	100.000000	Sid/Sid_108.jpg
673	37.000000	Emyr/Emyr_00007.jpg
1203	70.000000	Marie Ange/Marie Ange_00007.jpg
665	36.000000	Elvis/Elvis_00020.jpg
1202	70.000000	Marie Ange/Marie Ange_00006.jpg
58	3.000000	Angel/Angel_00000.jpg
1169	68.000000	Luckie/Luckie_00013.jpg
608	34.000000	Eddie/Eddie_00002.jpg
269	13.000000	Betty/Betty_00001.jpg
436	24.000000	Daffyd/Daffyd_00014.jpg
1083	63.000000	Lavender/Lavender_106.jpg
186	8.000000	Autumn/Autumn_00008.jpg
1868	116.000000	Wizzy/Wizzy_00019.jpg
1646	101.000000	Smudgie/Smudgie_00001.jpg
639	35.000000	Eiffion/Eiffion_00005.jpg
726	40.000000	Frank/Frank_00015.jpg
1863	116.000000	Wizzy/Wizzy_00013.jpg
594	33.000000	Dylan/Dylan_00015.jpg
680	37.000000	Emyr/Emyr_00014.jpg
1069	61.000000	Koko/Koko_111.jpg
502	27.000000	Dennis/Dennis_00017.jpg
1445	89.000000	Poppy/Poppy_00001.jpg
252	12.000000	Belle Helene/Belle Helene_00006.jpg
1853	115.000000	Wilfie/Wilfie_104.jpg
1626	100.000000	Sid/Sid_00005.jpg
1611	98.000000	Samson/Samson_00003.jpg
1145	67.000000	Lola/Lola_00013.jpg
1248	72.000000	Moses/Moses_00012.jpg
1066	61.000000	Koko/Koko_00018.jpg
144	6.000000	Archie Baby/Archie Baby_00006.jpg
293	14.000000	Blakey/Blakey_115.jpg
492	27.000000	Dennis/Dennis_00007.jpg
309	16.000000	Buttons/Buttons_00009.jpg
1694	104.000000	Tabitha Grace/Tabitha Grace_109.jpg
1617	99.000000	Scottie/Scottie_00005.jpg
1291	76.000000	Noah/Noah_00006.jpg
1566	95.000000	Rupert/Rupert_00029.jpg
516	29.000000	Diana/Diana_00004.jpg
1155	67.000000	Lola/Lola_111.jpg
1340	79.000000	Paddy O/Paddy O_104.jpg
406	22.000000	Colin Jnr/Colin Jnr_00001.jpg
788	44.000000	Galentine/Galentine_104.jpg
336	18.000000	Charity/Charity_00001.jpg
1563	95.000000	Rupert/Rupert_00026.jpg
1796	113.000000	Twiggy/Twiggy_00004.jpg
1027	59.000000	Josephine/Josephine_00016.jpg
1870	116.000000	Wizzy/Wizzy_102.jpg
1432	87.000000	Popcorn/Popcorn_108.jpg
1241	72.000000	Moses/Moses_00004.jpg
1717	106.000000	Thomas/Thomas_00006.jpg
1114	66.000000	Lily/Lily_00002.jpg
552	31.000000	Donkeyote/Donkeyote_104.jpg
670	37.000000	Emyr/Emyr_00004.jpg
270	13.000000	Betty/Betty_00002.jpg
105	5.000000	Archie/Archie_00001.jpg
1417	86.000000	Poncho/Poncho_00004.jpg
1174	68.000000	Luckie/Luckie_00018.jpg
928	53.000000	Javette/Javette_00006.jpg
1050	61.000000	Koko/Koko_00002.jpg
718	40.000000	Frank/Frank_00006.jpg
592	33.000000	Dylan/Dylan_00013.jpg
1407	85.000000	Pinto O'Sullivan/Pinto O'Sullivan_00001.jpg
110	5.000000	Archie/Archie_00006.jpg
1311	77.000000	Olivia/Olivia_00011.jpg
263	12.000000	Belle Helene/Belle Helene_111.jpg
891	51.000000	India/India_00003.jpg
36	2.000000	Andy/Andy_00005.jpg
815	46.000000	Hannah/Hannah_00001.jpg
1492	92.000000	Rosie/Rosie_00000.jpg
1019	59.000000	Josephine/Josephine_00008.jpg
1058	61.000000	Koko/Koko_00010.jpg
441	24.000000	Daffyd/Daffyd_00019.jpg
808	45.000000	Geraldine/Geraldine_00017.jpg
315	16.000000	Buttons/Buttons_00016.jpg
1315	77.000000	Olivia/Olivia_111.jpg
732	41.000000	Frankie/Frankie_102.jpg
579	33.000000	Dylan/Dylan_00000.jpg
953	55.000000	Jill/Jill_103.jpg
1788	112.000000	Trixie/Trixie_00007.jpg
578	32.000000	Dora/Dora_111.jpg
850	48.000000	Hope/Hope_00004.jpg
1946	131.000000	pops/pops_00000.jpg
1927	126.000000	estella/estella_00000.jpg
943	54.000000	Jenny/Jenny_00000.jpg
391	20.000000	Coco/Coco_110.jpg
1312	77.000000	Olivia/Olivia_102.jpg
659	36.000000	Elvis/Elvis_00009.jpg
1089	64.000000	Leighton/Leighton_00008.jpg
1113	66.000000	Lily/Lily_00001.jpg
1655	101.000000	Smudgie/Smudgie_00011.jpg
307	16.000000	Buttons/Buttons_00007.jpg
472	26.000000	Dave/Dave_00006.jpg
1496	92.000000	Rosie/Rosie_00004.jpg
830	46.000000	Hannah/Hannah_104.jpg
1117	66.000000	Lily/Lily_00005.jpg
13	0.000000	Amber/Amber_00013.jpg
750	42.000000	Frida/Frida_00017.jpg
1567	95.000000	Rupert/Rupert_00030.jpg
912	51.000000	India/India_112.jpg
304	16.000000	Buttons/Buttons_00004.jpg
1226	71.000000	Molly/Molly_00012.jpg
1627	100.000000	Sid/Sid_00006.jpg
1121	66.000000	Lily/Lily_00011.jpg
1218	71.000000	Molly/Molly_00004.jpg
753	42.000000	Frida/Frida_00020.jpg
790	44.000000	Galentine/Galentine_108.jpg
1377	82.000000	Phantom/Phantom_00017.jpg
1360	81.000000	Perky/Perky_102.jpg
137	5.000000	Archie/Archie_108.jpg
1808	113.000000	Twiggy/Twiggy_00016.jpg
1002	58.000000	Joseph/Joseph_00006.jpg
1686	103.000000	Tabby/Tabby_00008.jpg
349	18.000000	Charity/Charity_105.jpg
261	12.000000	Belle Helene/Belle Helene_104.jpg
1454	89.000000	Poppy/Poppy_00010.jpg
1488	91.000000	Rose/Rose_00011.jpg
907	51.000000	India/India_00020.jpg
1786	112.000000	Trixie/Trixie_00005.jpg
415	23.000000	Colin jr/Colin jr_103.jpg
691	38.000000	Eva/Eva_00004.jpg
1400	83.000000	Pinky/Pinky_109.jpg
1590	97.000000	Sammy/Sammy_00000.jpg
118	5.000000	Archie/Archie_00014.jpg
1046	60.000000	Jumpy/Jumpy_107.jpg
1737	108.000000	Toby/Toby_00006.jpg
1357	81.000000	Perky/Perky_00008.jpg
1581	96.000000	Ryan/Ryan_00008.jpg
281	14.000000	Blakey/Blakey_00002.jpg
276	13.000000	Betty/Betty_00008.jpg
519	29.000000	Diana/Diana_00007.jpg
1606	97.000000	Sammy/Sammy_115.jpg
1381	82.000000	Phantom/Phantom_106.jpg
214	10.000000	Barnaby/Barnaby_00003.jpg
283	14.000000	Blakey/Blakey_00004.jpg
446	24.000000	Daffyd/Daffyd_105.jpg
104	5.000000	Archie/Archie_00000.jpg
1807	113.000000	Twiggy/Twiggy_00015.jpg
1426	87.000000	Popcorn/Popcorn_102.jpg
216	10.000000	Barnaby/Barnaby_00005.jpg
527	30.000000	Dolly/Dolly_00000.jpg
878	50.000000	Hulk/Hulk_00000.jpg
1103	64.000000	Leighton/Leighton_108.jpg
1240	72.000000	Moses/Moses_00003.jpg
356	19.000000	China/China_00003.jpg
709	39.000000	Evie/Evie_102flip.jpg
720	40.000000	Frank/Frank_00008.jpg
334	17.000000	Charford Jack/Charford Jack_00005.jpg
1157	68.000000	Luckie/Luckie_00000.jpg
513	29.000000	Diana/Diana_00001.jpg
1167	68.000000	Luckie/Luckie_00011.jpg
395	21.000000	Cocoa Pops/Cocoa Pops_00000.jpg
1085	64.000000	Leighton/Leighton_00001.jpg
1507	92.000000	Rosie/Rosie_107.jpg
1303	77.000000	Olivia/Olivia_00003.jpg
629	34.000000	Eddie/Eddie_00025.jpg
1612	99.000000	Scottie/Scottie_00000.jpg
1088	64.000000	Leighton/Leighton_00007.jpg
1907	119.000000	ant/ant_00003.jpg
1901	118.000000	Woody/Woody_105.jpg
409	22.000000	Colin Jnr/Colin Jnr_00004.jpg
1305	77.000000	Olivia/Olivia_00005.jpg
1402	84.000000	Pinto/Pinto_109.jpg
537	31.000000	Donkeyote/Donkeyote_00001.jpg
99	4.000000	Angus/Angus_105.jpg
834	47.000000	Harvey/Harvey_00000.jpg
898	51.000000	India/India_00011.jpg
1531	94.000000	Ruby/Ruby_102.jpg
204	9.000000	Barbara/Barbara_00011.jpg
198	9.000000	Barbara/Barbara_00005.jpg
1820	114.000000	Twinkle/Twinkle_00002.jpg
1678	103.000000	Tabby/Tabby_00000.jpg
143	6.000000	Archie Baby/Archie Baby_00005.jpg
1336	79.000000	Paddy O/Paddy O_00012.jpg
482	26.000000	Dave/Dave_103.jpg
219	10.000000	Barnaby/Barnaby_00010.jpg
1099	64.000000	Leighton/Leighton_00018.jpg
1456	89.000000	Poppy/Poppy_00012.jpg
1613	99.000000	Scottie/Scottie_00001.jpg
1071	62.000000	Larry/Larry_00001.jpg
1628	100.000000	Sid/Sid_00007.jpg
1699	105.000000	Theo/Theo_00002.jpg
1329	79.000000	Paddy O/Paddy O_00004.jpg
1787	112.000000	Trixie/Trixie_00006.jpg
1585	96.000000	Ryan/Ryan_107.jpg
1009	58.000000	Joseph/Joseph_111.jpg
609	34.000000	Eddie/Eddie_00003.jpg
192	8.000000	Autumn/Autumn_111.jpg
565	32.000000	Dora/Dora_00007.jpg
965	56.000000	Jimbob/Jimbob_00009.jpg
1486	91.000000	Rose/Rose_00009.jpg
1495	92.000000	Rosie/Rosie_00003.jpg
1881	117.000000	Womble/Womble_102.jpg
1562	95.000000	Rupert/Rupert_00025.jpg
1930	126.000000	estella/estella_00003.jpg
88	4.000000	Angus/Angus_00007.jpg
638	35.000000	Eiffion/Eiffion_00003.jpg
35	2.000000	Andy/Andy_00004.jpg
169	7.000000	Augustus/Augustus_00019.jpg
1301	77.000000	Olivia/Olivia_00001.jpg
994	57.000000	Jiva/Jiva_00012.jpg
886	50.000000	Hulk/Hulk_00008.jpg
311	16.000000	Buttons/Buttons_00012.jpg
222	10.000000	Barnaby/Barnaby_00013.jpg
1151	67.000000	Lola/Lola_102.jpg
196	9.000000	Barbara/Barbara_00003.jpg
78	3.000000	Angel/Angel_119.jpg
210	9.000000	Barbara/Barbara_108.jpg
769	44.000000	Galentine/Galentine_00004.jpg
980	56.000000	Jimbob/Jimbob_00026.jpg
1942	129.000000	jack/jack_00003.jpg
1817	113.000000	Twiggy/Twiggy_125.jpg
863	49.000000	Hovis/Hovis_00005.jpg
480	26.000000	Dave/Dave_00014.jpg
467	26.000000	Dave/Dave_00001.jpg
772	44.000000	Galentine/Galentine_00007.jpg
188	8.000000	Autumn/Autumn_00010.jpg
280	14.000000	Blakey/Blakey_00001.jpg
54	2.000000	Andy/Andy_107.jpg
127	5.000000	Archie/Archie_00023.jpg
335	18.000000	Charity/Charity_00000.jpg
1062	61.000000	Koko/Koko_00014.jpg
1024	59.000000	Josephine/Josephine_00013.jpg
366	19.000000	China/China_00015.jpg
1472	90.000000	Prune/Prune_00012.jpg
255	12.000000	Belle Helene/Belle Helene_00010.jpg
1464	90.000000	Prune/Prune_00003.jpg
249	12.000000	Belle Helene/Belle Helene_00003.jpg
681	37.000000	Emyr/Emyr_00015.jpg
1452	89.000000	Poppy/Poppy_00008.jpg
4	0.000000	Amber/Amber_00004.jpg
173	7.000000	Augustus/Augustus_00023.jpg
1087	64.000000	Leighton/Leighton_00006.jpg
1822	114.000000	Twinkle/Twinkle_00004.jpg
507	28.000000	Desmond/Desmond_101.jpg
577	32.000000	Dora/Dora_110.jpg
640	35.000000	Eiffion/Eiffion_00006.jpg
849	48.000000	Hope/Hope_00003.jpg
469	26.000000	Dave/Dave_00003.jpg
924	53.000000	Javette/Javette_00002.jpg
575	32.000000	Dora/Dora_108.jpg
1189	69.000000	Major/Major_00010.jpg
279	14.000000	Blakey/Blakey_00000.jpg
546	31.000000	Donkeyote/Donkeyote_00011.jpg
816	46.000000	Hannah/Hannah_00002.jpg
1364	81.000000	Perky/Perky_111.jpg
1210	70.000000	Marie Ange/Marie Ange_00014.jpg
1156	67.000000	Lola/Lola_112.jpg
1341	79.000000	Paddy O/Paddy O_105.jpg
1195	69.000000	Major/Major_103.jpg
1251	72.000000	Moses/Moses_112.jpg
1054	61.000000	Koko/Koko_00006.jpg
1108	65.000000	Lenny/Lenny_102.jpg
1287	76.000000	Noah/Noah_00001.jpg
1819	114.000000	Twinkle/Twinkle_00001.jpg
1471	90.000000	Prune/Prune_00011.jpg
619	34.000000	Eddie/Eddie_00014.jpg
1715	106.000000	Thomas/Thomas_00004.jpg
1385	83.000000	Pinky/Pinky_00003.jpg
1931	127.000000	frankie/frankie_00000.jpg
1026	59.000000	Josephine/Josephine_00015.jpg
1583	96.000000	Ryan/Ryan_105.jpg
1013	59.000000	Josephine/Josephine_00002.jpg
291	14.000000	Blakey/Blakey_113.jpg
277	13.000000	Betty/Betty_00009.jpg
114	5.000000	Archie/Archie_00010.jpg
299	15.000000	Buster/Buster_110.jpg
1016	59.000000	Josephine/Josephine_00005.jpg
1702	105.000000	Theo/Theo_00005.jpg
1547	95.000000	Rupert/Rupert_00010.jpg
568	32.000000	Dora/Dora_00010.jpg
1755	109.000000	Tonic/Tonic_00006.jpg
117	5.000000	Archie/Archie_00013.jpg
1112	66.000000	Lily/Lily_00000.jpg
747	42.000000	Frida/Frida_00013.jpg
1704	105.000000	Theo/Theo_00007.jpg
1070	62.000000	Larry/Larry_00000.jpg
1162	68.000000	Luckie/Luckie_00005.jpg
1005	58.000000	Joseph/Joseph_00014.jpg
1744	108.000000	Toby/Toby_00013.jpg
91	4.000000	Angus/Angus_00011.jpg
1461	90.000000	Prune/Prune_00000.jpg
1476	90.000000	Prune/Prune_109.jpg
999	58.000000	Joseph/Joseph_00003.jpg
1809	113.000000	Twiggy/Twiggy_00017.jpg
1540	95.000000	Rupert/Rupert_00003.jpg
1150	67.000000	Lola/Lola_00018.jpg
1286	75.000000	Nick/Nick_00009.jpg
265	12.000000	Belle Helene/Belle Helene_113.jpg
1781	112.000000	Trixie/Trixie_00000.jpg
598	33.000000	Dylan/Dylan_00019.jpg
1748	108.000000	Toby/Toby_108.jpg
1937	128.000000	helene/helene_00002.jpg
326	16.000000	Buttons/Buttons_105.jpg
450	25.000000	Daphne/Daphne_00001.jpg
1324	78.000000	Paddy/Paddy_119.jpg
454	25.000000	Daphne/Daphne_00005.jpg
918	52.000000	Jack/Jack_107.jpg
1802	113.000000	Twiggy/Twiggy_00010.jpg
687	37.000000	Emyr/Emyr_109.jpg
1403	84.000000	Pinto/Pinto_110.jpg
1067	61.000000	Koko/Koko_00019.jpg
1948	131.000000	pops/pops_00002.jpg
1665	101.000000	Smudgie/Smudgie_108.jpg
1586	96.000000	Ryan/Ryan_108.jpg
1898	118.000000	Woody/Woody_00016.jpg
1348	80.000000	Pearl/Pearl_00002.jpg
571	32.000000	Dora/Dora_00013.jpg
1249	72.000000	Moses/Moses_108.jpg
540	31.000000	Donkeyote/Donkeyote_00004.jpg
806	45.000000	Geraldine/Geraldine_00015.jpg
621	34.000000	Eddie/Eddie_00016.jpg
526	29.000000	Diana/Diana_108.jpg
1756	109.000000	Tonic/Tonic_00007.jpg
1049	61.000000	Koko/Koko_00001.jpg
1596	97.000000	Sammy/Sammy_00007.jpg
678	37.000000	Emyr/Emyr_00012.jpg
1677	102.000000	Sunny/Sunny_110.jpg
734	41.000000	Frankie/Frankie_110.jpg
630	34.000000	Eddie/Eddie_00026.jpg
923	53.000000	Javette/Javette_00001.jpg
267	12.000000	Belle Helene/Belle Helene_115.jpg
1658	101.000000	Smudgie/Smudgie_00014.jpg
783	44.000000	Galentine/Galentine_00018.jpg
556	31.000000	Donkeyote/Donkeyote_115.jpg
1295	76.000000	Noah/Noah_105.jpg
1372	82.000000	Phantom/Phantom_00012.jpg
1389	83.000000	Pinky/Pinky_00007.jpg
132	5.000000	Archie/Archie_00028.jpg
662	36.000000	Elvis/Elvis_00013.jpg
508	28.000000	Desmond/Desmond_105.jpg
1534	94.000000	Ruby/Ruby_105.jpg
1575	96.000000	Ryan/Ryan_00000.jpg
761	43.000000	Gabby/Gabby_101.jpg
1215	71.000000	Molly/Molly_00001.jpg
854	48.000000	Hope/Hope_00008.jpg
1327	79.000000	Paddy O/Paddy O_00002.jpg
66	3.000000	Angel/Angel_00008.jpg
484	26.000000	Dave/Dave_105.jpg
1433	87.000000	Popcorn/Popcorn_109.jpg
1504	92.000000	Rosie/Rosie_00012.jpg
424	24.000000	Daffyd/Daffyd_00002.jpg
1055	61.000000	Koko/Koko_00007.jpg
414	22.000000	Colin Jnr/Colin Jnr_00010.jpg
496	27.000000	Dennis/Dennis_00011.jpg
1866	116.000000	Wizzy/Wizzy_00016.jpg
1183	69.000000	Major/Major_00003.jpg
1594	97.000000	Sammy/Sammy_00004.jpg
1928	126.000000	estella/estella_00001.jpg
327	16.000000	Buttons/Buttons_106.jpg
1836	115.000000	Wilfie/Wilfie_00002.jpg
308	16.000000	Buttons/Buttons_00008.jpg
1030	59.000000	Josephine/Josephine_102.jpg
1513	93.000000	Rosie Lee/Rosie Lee_00004.jpg
1140	67.000000	Lola/Lola_00008.jpg
1725	107.000000	Tim/Tim_00006.jpg
1645	101.000000	Smudgie/Smudgie_00000.jpg
1398	83.000000	Pinky/Pinky_107.jpg
1877	117.000000	Womble/Womble_00002.jpg
1406	85.000000	Pinto O'Sullivan/Pinto O'Sullivan_00000.jpg
1475	90.000000	Prune/Prune_108.jpg
1076	62.000000	Larry/Larry_00008.jpg
1752	109.000000	Tonic/Tonic_00003.jpg
1105	64.000000	Leighton/Leighton_111.jpg
370	19.000000	China/China_00019.jpg
1098	64.000000	Leighton/Leighton_00017.jpg
1161	68.000000	Luckie/Luckie_00004.jpg
1007	58.000000	Joseph/Joseph_102.jpg
421	23.000000	Colin jr/Colin jr_111.jpg
305	16.000000	Buttons/Buttons_00005.jpg
1545	95.000000	Rupert/Rupert_00008.jpg
24	0.000000	Amber/Amber_109.jpg
642	35.000000	Eiffion/Eiffion_00008.jpg
1040	60.000000	Jumpy/Jumpy_00005.jpg
538	31.000000	Donkeyote/Donkeyote_00002.jpg
1929	126.000000	estella/estella_00002.jpg
1333	79.000000	Paddy O/Paddy O_00008.jpg
667	37.000000	Emyr/Emyr_00001.jpg
130	5.000000	Archie/Archie_00026.jpg
510	28.000000	Desmond/Desmond_106.jpg
1034	59.000000	Josephine/Josephine_107.jpg
689	38.000000	Eva/Eva_00002.jpg
1620	99.000000	Scottie/Scottie_00010.jpg
567	32.000000	Dora/Dora_00009.jpg
1874	116.000000	Wizzy/Wizzy_112.jpg
764	43.000000	Gabby/Gabby_104.jpg
1467	90.000000	Prune/Prune_00007.jpg
1453	89.000000	Poppy/Poppy_00009.jpg
402	21.000000	Cocoa Pops/Cocoa Pops_104.jpg
1130	66.000000	Lily/Lily_104.jpg
727	40.000000	Frank/Frank_00016.jpg
950	54.000000	Jenny/Jenny_102.jpg
1827	114.000000	Twinkle/Twinkle_00009.jpg
1783	112.000000	Trixie/Trixie_00002.jpg
242	11.000000	Bear/Bear_102.jpg
972	56.000000	Jimbob/Jimbob_00016.jpg
64	3.000000	Angel/Angel_00006.jpg
881	50.000000	Hulk/Hulk_00003.jpg
1171	68.000000	Luckie/Luckie_00015.jpg
1922	124.000000	dec/dec_00003.jpg
145	6.000000	Archie Baby/Archie Baby_00007.jpg
646	35.000000	Eiffion/Eiffion_00017.jpg
1904	119.000000	ant/ant_00000.jpg
10	0.000000	Amber/Amber_00010.jpg
1815	113.000000	Twiggy/Twiggy_116.jpg
939	53.000000	Javette/Javette_107.jpg
1362	81.000000	Perky/Perky_104.jpg
1599	97.000000	Sammy/Sammy_00010.jpg
499	27.000000	Dennis/Dennis_00014.jpg
434	24.000000	Daffyd/Daffyd_00012.jpg
1773	111.000000	Trevor/Trevor_00006.jpg
1776	111.000000	Trevor/Trevor_00009.jpg
739	42.000000	Frida/Frida_00002.jpg
1897	118.000000	Woody/Woody_00015.jpg
1065	61.000000	Koko/Koko_00017.jpg
82	4.000000	Angus/Angus_00001.jpg
1053	61.000000	Koko/Koko_00005.jpg
1834	115.000000	Wilfie/Wilfie_00000.jpg
1383	83.000000	Pinky/Pinky_00001.jpg
1549	95.000000	Rupert/Rupert_00012.jpg
1642	100.000000	Sid/Sid_107.jpg
498	27.000000	Dennis/Dennis_00013.jpg
268	13.000000	Betty/Betty_00000.jpg
927	53.000000	Javette/Javette_00005.jpg
585	33.000000	Dylan/Dylan_00006.jpg
1100	64.000000	Leighton/Leighton_00019.jpg
1060	61.000000	Koko/Koko_00012.jpg
1949	131.000000	pops/pops_00003.jpg
359	19.000000	China/China_00007.jpg
1615	99.000000	Scottie/Scottie_00003.jpg
1758	109.000000	Tonic/Tonic_00010.jpg
20	0.000000	Amber/Amber_105.jpg
1225	71.000000	Molly/Molly_00011.jpg
1059	61.000000	Koko/Koko_00011.jpg
399	21.000000	Cocoa Pops/Cocoa Pops_00005.jpg
274	13.000000	Betty/Betty_00006.jpg
39	2.000000	Andy/Andy_00008.jpg
1711	106.000000	Thomas/Thomas_00000.jpg
240	11.000000	Bear/Bear_00009.jpg
1254	73.000000	Murphy/Murphy_102.jpg
773	44.000000	Galentine/Galentine_00008.jpg
1165	68.000000	Luckie/Luckie_00009.jpg
1413	85.000000	Pinto O'Sullivan/Pinto O'Sullivan_00007.jpg
1746	108.000000	Toby/Toby_106.jpg
1580	96.000000	Ryan/Ryan_00007.jpg
447	24.000000	Daffyd/Daffyd_113.jpg
1903	118.000000	Woody/Woody_115.jpg
620	34.000000	Eddie/Eddie_00015.jpg
827	46.000000	Hannah/Hannah_00017.jpg
998	58.000000	Joseph/Joseph_00001.jpg
323	16.000000	Buttons/Buttons_00024.jpg
916	52.000000	Jack/Jack_105.jpg
599	33.000000	Dylan/Dylan_00020.jpg
1682	103.000000	Tabby/Tabby_00004.jpg
1941	129.000000	jack/jack_00002.jpg
655	36.000000	Elvis/Elvis_00004.jpg
1745	108.000000	Toby/Toby_105.jpg
2	0.000000	Amber/Amber_00002.jpg
1437	88.000000	Popcorn (poppy)/Popcorn (poppy)_00003.jpg
1200	70.000000	Marie Ange/Marie Ange_00004.jpg
1079	62.000000	Larry/Larry_00011.jpg
1298	76.000000	Noah/Noah_113.jpg
1276	74.000000	Myra/Myra_102.jpg
871	49.000000	Hovis/Hovis_00013.jpg
1436	88.000000	Popcorn (poppy)/Popcorn (poppy)_00002.jpg
985	56.000000	Jimbob/Jimbob_110.jpg
868	49.000000	Hovis/Hovis_00010.jpg
1519	93.000000	Rosie Lee/Rosie Lee_107.jpg
459	25.000000	Daphne/Daphne_00010.jpg
725	40.000000	Frank/Frank_00014.jpg
1839	115.000000	Wilfie/Wilfie_00005.jpg
848	48.000000	Hope/Hope_00002.jpg
756	42.000000	Frida/Frida_109.jpg
109	5.000000	Archie/Archie_00005.jpg
611	34.000000	Eddie/Eddie_00006.jpg
154	7.000000	Augustus/Augustus_00003.jpg
962	56.000000	Jimbob/Jimbob_00006.jpg
862	49.000000	Hovis/Hovis_00004.jpg
1342	79.000000	Paddy O/Paddy O_106.jpg
1179	68.000000	Luckie/Luckie_107.jpg
651	36.000000	Elvis/Elvis_00000.jpg
1759	109.000000	Tonic/Tonic_00011.jpg
1494	92.000000	Rosie/Rosie_00002.jpg
1104	64.000000	Leighton/Leighton_109.jpg
387	20.000000	Coco/Coco_106.jpg
1522	93.000000	Rosie Lee/Rosie Lee_115.jpg
1353	81.000000	Perky/Perky_00003.jpg
910	51.000000	India/India_110.jpg
197	9.000000	Barbara/Barbara_00004.jpg
1390	83.000000	Pinky/Pinky_00008.jpg
996	57.000000	Jiva/Jiva_109.jpg
31	2.000000	Andy/Andy_00000.jpg
986	57.000000	Jiva/Jiva_00001.jpg
1669	102.000000	Sunny/Sunny_00001.jpg
644	35.000000	Eiffion/Eiffion_00012.jpg
1751	109.000000	Tonic/Tonic_00002.jpg
1648	101.000000	Smudgie/Smudgie_00003.jpg
1706	105.000000	Theo/Theo_105.jpg
748	42.000000	Frida/Frida_00014.jpg
1731	108.000000	Toby/Toby_00000.jpg
530	30.000000	Dolly/Dolly_00003.jpg
1864	116.000000	Wizzy/Wizzy_00014.jpg
1173	68.000000	Luckie/Luckie_00017.jpg
1263	74.000000	Myra/Myra_00005.jpg
1078	62.000000	Larry/Larry_00010.jpg
1724	107.000000	Tim/Tim_00005.jpg
675	37.000000	Emyr/Emyr_00009.jpg
61	3.000000	Angel/Angel_00003.jpg
147	6.000000	Archie Baby/Archie Baby_102.jpg
430	24.000000	Daffyd/Daffyd_00008.jpg
211	10.000000	Barnaby/Barnaby_00000.jpg
388	20.000000	Coco/Coco_107.jpg
791	44.000000	Galentine/Galentine_109.jpg
759	42.000000	Frida/Frida_119.jpg
1129	66.000000	Lily/Lily_103.jpg
135	5.000000	Archie/Archie_106.jpg
1386	83.000000	Pinky/Pinky_00004.jpg
1275	74.000000	Myra/Myra_00019.jpg
995	57.000000	Jiva/Jiva_102.jpg
1753	109.000000	Tonic/Tonic_00004.jpg
1736	108.000000	Toby/Toby_00005.jpg
947	54.000000	Jenny/Jenny_00005.jpg
879	50.000000	Hulk/Hulk_00001.jpg
1443	88.000000	Popcorn (poppy)/Popcorn (poppy)_00009.jpg
1000	58.000000	Joseph/Joseph_00004.jpg
74	3.000000	Angel/Angel_111.jpg
942	53.000000	Javette/Javette_110.jpg
235	11.000000	Bear/Bear_00003.jpg
223	10.000000	Barnaby/Barnaby_00014.jpg
1358	81.000000	Perky/Perky_00010.jpg
1816	113.000000	Twiggy/Twiggy_124.jpg
1095	64.000000	Leighton/Leighton_00014.jpg
738	42.000000	Frida/Frida_00001.jpg
123	5.000000	Archie/Archie_00019.jpg
1917	123.000000	colinjr/colinjr_00000.jpg
1006	58.000000	Joseph/Joseph_00015.jpg
615	34.000000	Eddie/Eddie_00010.jpg
1803	113.000000	Twiggy/Twiggy_00011.jpg
752	42.000000	Frida/Frida_00019.jpg
34	2.000000	Andy/Andy_00003.jpg
1763	109.000000	Tonic/Tonic_106.jpg
344	18.000000	Charity/Charity_00009.jpg
1571	95.000000	Rupert/Rupert_00034.jpg
935	53.000000	Javette/Javette_00013.jpg
338	18.000000	Charity/Charity_00003.jpg
1607	97.000000	Sammy/Sammy_116.jpg
1297	76.000000	Noah/Noah_107.jpg
1521	93.000000	Rosie Lee/Rosie Lee_114.jpg
1375	82.000000	Phantom/Phantom_00015.jpg
674	37.000000	Emyr/Emyr_00008.jpg
1279	75.000000	Nick/Nick_00002.jpg
1895	118.000000	Woody/Woody_00013.jpg
1778	111.000000	Trevor/Trevor_00011.jpg
771	44.000000	Galentine/Galentine_00006.jpg
952	55.000000	Jill/Jill_102flip.jpg
128	5.000000	Archie/Archie_00024.jpg
1213	70.000000	Marie Ange/Marie Ange_00017.jpg
618	34.000000	Eddie/Eddie_00013.jpg
1673	102.000000	Sunny/Sunny_00007.jpg
455	25.000000	Daphne/Daphne_00006.jpg
1243	72.000000	Moses/Moses_00006.jpg
1029	59.000000	Josephine/Josephine_00018.jpg
73	3.000000	Angel/Angel_110.jpg
1335	79.000000	Paddy O/Paddy O_00010.jpg
1414	86.000000	Poncho/Poncho_00000.jpg
1481	91.000000	Rose/Rose_00004.jpg
677	37.000000	Emyr/Emyr_00011.jpg
1490	91.000000	Rose/Rose_00013.jpg
201	9.000000	Barbara/Barbara_00008.jpg
392	20.000000	Coco/Coco_111.jpg
1480	91.000000	Rose/Rose_00003.jpg
205	9.000000	Barbara/Barbara_00012.jpg
682	37.000000	Emyr/Emyr_00016.jpg
120	5.000000	Archie/Archie_00016.jpg
1561	95.000000	Rupert/Rupert_00024.jpg
1199	70.000000	Marie Ange/Marie Ange_00003.jpg
1177	68.000000	Luckie/Luckie_102.jpg
1705	105.000000	Theo/Theo_102.jpg
1237	72.000000	Moses/Moses_00000.jpg
1760	109.000000	Tonic/Tonic_00012.jpg
1641	100.000000	Sid/Sid_103.jpg
1479	91.000000	Rose/Rose_00002.jpg
380	20.000000	Coco/Coco_00004.jpg
1700	105.000000	Theo/Theo_00003.jpg
1814	113.000000	Twiggy/Twiggy_115.jpg
379	20.000000	Coco/Coco_00003.jpg
572	32.000000	Dora/Dora_00014.jpg
208	9.000000	Barbara/Barbara_00015.jpg
21	0.000000	Amber/Amber_106.jpg
813	45.000000	Geraldine/Geraldine_105.jpg
1762	109.000000	Tonic/Tonic_103.jpg
1721	107.000000	Tim/Tim_00002.jpg
1556	95.000000	Rupert/Rupert_00019.jpg
1739	108.000000	Toby/Toby_00008.jpg
1294	76.000000	Noah/Noah_104.jpg
1800	113.000000	Twiggy/Twiggy_00008.jpg
1579	96.000000	Ryan/Ryan_00006.jpg
1257	73.000000	Murphy/Murphy_110.jpg
1023	59.000000	Josephine/Josephine_00012.jpg
531	30.000000	Dolly/Dolly_00006.jpg
692	38.000000	Eva/Eva_00005.jpg
1891	118.000000	Woody/Woody_00009.jpg
1106	64.000000	Leighton/Leighton_112.jpg
1502	92.000000	Rosie/Rosie_00010.jpg
858	49.000000	Hovis/Hovis_00000.jpg
102	4.000000	Angus/Angus_112.jpg
371	19.000000	China/China_102.jpg
934	53.000000	Javette/Javette_00012.jpg
45	2.000000	Andy/Andy_00014.jpg
695	38.000000	Eva/Eva_00008.jpg
7	0.000000	Amber/Amber_00007.jpg
1170	68.000000	Luckie/Luckie_00014.jpg
1239	72.000000	Moses/Moses_00002.jpg
1126	66.000000	Lily/Lily_00016.jpg
1651	101.000000	Smudgie/Smudgie_00006.jpg
711	39.000000	Evie/Evie_104.jpg
187	8.000000	Autumn/Autumn_00009.jpg
200	9.000000	Barbara/Barbara_00007.jpg
1323	78.000000	Paddy/Paddy_118.jpg
215	10.000000	Barnaby/Barnaby_00004.jpg
1697	105.000000	Theo/Theo_00000.jpg
1115	66.000000	Lily/Lily_00003.jpg
1589	96.000000	Ryan/Ryan_115.jpg
1516	93.000000	Rosie Lee/Rosie Lee_00007.jpg
649	35.000000	Eiffion/Eiffion_104.jpg
1840	115.000000	Wilfie/Wilfie_00006.jpg
929	53.000000	Javette/Javette_00007.jpg
50	2.000000	Andy/Andy_103.jpg
1632	100.000000	Sid/Sid_00011.jpg
303	16.000000	Buttons/Buttons_00003.jpg
1166	68.000000	Luckie/Luckie_00010.jpg
92	4.000000	Angus/Angus_00012.jpg
1164	68.000000	Luckie/Luckie_00008.jpg
1124	66.000000	Lily/Lily_00014.jpg
1269	74.000000	Myra/Myra_00013.jpg
1879	117.000000	Womble/Womble_00005.jpg
1524	94.000000	Ruby/Ruby_00001.jpg
1011	59.000000	Josephine/Josephine_00000.jpg
1421	86.000000	Poncho/Poncho_00009.jpg
203	9.000000	Barbara/Barbara_00010.jpg
1893	118.000000	Woody/Woody_00011.jpg
146	6.000000	Archie Baby/Archie Baby_00008.jpg
625	34.000000	Eddie/Eddie_00021.jpg
1947	131.000000	pops/pops_00001.jpg
989	57.000000	Jiva/Jiva_00004.jpg
1127	66.000000	Lily/Lily_00017.jpg
1144	67.000000	Lola/Lola_00012.jpg
1850	115.000000	Wilfie/Wilfie_00016.jpg
351	18.000000	Charity/Charity_112.jpg
410	22.000000	Colin Jnr/Colin Jnr_00005.jpg
319	16.000000	Buttons/Buttons_00020.jpg
956	56.000000	Jimbob/Jimbob_00000.jpg
1527	94.000000	Ruby/Ruby_00004.jpg
1831	114.000000	Twinkle/Twinkle_00013.jpg
1582	96.000000	Ryan/Ryan_00009.jpg
374	19.000000	China/China_113.jpg
1740	108.000000	Toby/Toby_00009.jpg
1792	112.000000	Trixie/Trixie_00011.jpg
1207	70.000000	Marie Ange/Marie Ange_00011.jpg
767	44.000000	Galentine/Galentine_00001.jpg
715	40.000000	Frank/Frank_00003.jpg
566	32.000000	Dora/Dora_00008.jpg
672	37.000000	Emyr/Emyr_00006.jpg
289	14.000000	Blakey/Blakey_00010.jpg
828	46.000000	Hannah/Hannah_00018.jpg
1564	95.000000	Rupert/Rupert_00027.jpg
57	2.000000	Andy/Andy_116.jpg
1288	76.000000	Noah/Noah_00002.jpg
1056	61.000000	Koko/Koko_00008.jpg
580	33.000000	Dylan/Dylan_00001.jpg
987	57.000000	Jiva/Jiva_00002.jpg
872	49.000000	Hovis/Hovis_00014.jpg
1148	67.000000	Lola/Lola_00016.jpg
789	44.000000	Galentine/Galentine_106.jpg
1500	92.000000	Rosie/Rosie_00008.jpg
62	3.000000	Angel/Angel_00004.jpg
1373	82.000000	Phantom/Phantom_00013.jpg
1558	95.000000	Rupert/Rupert_00021.jpg
574	32.000000	Dora/Dora_00016.jpg
1208	70.000000	Marie Ange/Marie Ange_00012.jpg
1149	67.000000	Lola/Lola_00017.jpg
613	34.000000	Eddie/Eddie_00008.jpg
1600	97.000000	Sammy/Sammy_00011.jpg
582	33.000000	Dylan/Dylan_00003.jpg
581	33.000000	Dylan/Dylan_00002.jpg
1924	125.000000	dougie/dougie_00001.jpg
1331	79.000000	Paddy O/Paddy O_00006.jpg
352	18.000000	Charity/Charity_114.jpg
1695	104.000000	Tabitha Grace/Tabitha Grace_110.jpg
1909	120.000000	baby/baby_00001.jpg
290	14.000000	Blakey/Blakey_102.jpg
958	56.000000	Jimbob/Jimbob_00002.jpg
964	56.000000	Jimbob/Jimbob_00008.jpg
812	45.000000	Geraldine/Geraldine_104.jpg
1610	98.000000	Samson/Samson_00002.jpg
1838	115.000000	Wilfie/Wilfie_00004.jpg
495	27.000000	Dennis/Dennis_00010.jpg
1404	84.000000	Pinto/Pinto_110flip.jpg
477	26.000000	Dave/Dave_00011.jpg
1671	102.000000	Sunny/Sunny_00005.jpg
905	51.000000	India/India_00018.jpg
636	35.000000	Eiffion/Eiffion_00001.jpg
321	16.000000	Buttons/Buttons_00022.jpg
209	9.000000	Barbara/Barbara_102.jpg
543	31.000000	Donkeyote/Donkeyote_00007.jpg
641	35.000000	Eiffion/Eiffion_00007.jpg
656	36.000000	Elvis/Elvis_00005.jpg
1525	94.000000	Ruby/Ruby_00002.jpg
587	33.000000	Dylan/Dylan_00008.jpg
1468	90.000000	Prune/Prune_00008.jpg
604	33.000000	Dylan/Dylan_108.jpg
1176	68.000000	Luckie/Luckie_00020.jpg
1428	87.000000	Popcorn/Popcorn_104.jpg
1366	82.000000	Phantom/Phantom_00005.jpg
413	22.000000	Colin Jnr/Colin Jnr_00009.jpg
1861	116.000000	Wizzy/Wizzy_00009.jpg
1591	97.000000	Sammy/Sammy_00001.jpg
52	2.000000	Andy/Andy_105.jpg
705	38.000000	Eva/Eva_00018.jpg
1352	81.000000	Perky/Perky_00002.jpg
1080	63.000000	Lavender/Lavender_102.jpg
189	8.000000	Autumn/Autumn_00011.jpg
1368	82.000000	Phantom/Phantom_00008.jpg
1458	89.000000	Poppy/Poppy_102.jpg
553	31.000000	Donkeyote/Donkeyote_110.jpg
330	17.000000	Charford Jack/Charford Jack_00001.jpg
429	24.000000	Daffyd/Daffyd_00007.jpg
817	46.000000	Hannah/Hannah_00003.jpg
1068	61.000000	Koko/Koko_102.jpg
1757	109.000000	Tonic/Tonic_00009.jpg
801	45.000000	Geraldine/Geraldine_00009.jpg
156	7.000000	Augustus/Augustus_00005.jpg
23	0.000000	Amber/Amber_108.jpg
597	33.000000	Dylan/Dylan_00018.jpg
735	41.000000	Frankie/Frankie_111.jpg
1217	71.000000	Molly/Molly_00003.jpg
1012	59.000000	Josephine/Josephine_00001.jpg
282	14.000000	Blakey/Blakey_00003.jpg
897	51.000000	India/India_00010.jpg
521	29.000000	Diana/Diana_00009.jpg
843	47.000000	Harvey/Harvey_00009.jpg
983	56.000000	Jimbob/Jimbob_108.jpg
763	43.000000	Gabby/Gabby_103.jpg
1691	104.000000	Tabitha Grace/Tabitha Grace_106.jpg
1111	65.000000	Lenny/Lenny_108.jpg
595	33.000000	Dylan/Dylan_00016.jpg
0	0.000000	Amber/Amber_00000.jpg
792	45.000000	Geraldine/Geraldine_00000.jpg
1710	105.000000	Theo/Theo_119.jpg
864	49.000000	Hovis/Hovis_00006.jpg
151	7.000000	Augustus/Augustus_00000.jpg
570	32.000000	Dora/Dora_00012.jpg
835	47.000000	Harvey/Harvey_00001.jpg
1506	92.000000	Rosie/Rosie_106.jpg
712	39.000000	Evie/Evie_105.jpg
1872	116.000000	Wizzy/Wizzy_104.jpg
1133	67.000000	Lola/Lola_00001.jpg
1597	97.000000	Sammy/Sammy_00008.jpg
978	56.000000	Jimbob/Jimbob_00024.jpg
1542	95.000000	Rupert/Rupert_00005.jpg
333	17.000000	Charford Jack/Charford Jack_00004.jpg
1483	91.000000	Rose/Rose_00006.jpg
1811	113.000000	Twiggy/Twiggy_103.jpg
547	31.000000	Donkeyote/Donkeyote_00012.jpg
1668	102.000000	Sunny/Sunny_00000.jpg
457	25.000000	Daphne/Daphne_00008.jpg
1457	89.000000	Poppy/Poppy_00013.jpg
232	11.000000	Bear/Bear_00000.jpg
1310	77.000000	Olivia/Olivia_00010.jpg
453	25.000000	Daphne/Daphne_00004.jpg
1667	101.000000	Smudgie/Smudgie_111.jpg
1876	117.000000	Womble/Womble_00001.jpg
876	49.000000	Hovis/Hovis_00018.jpg
1041	60.000000	Jumpy/Jumpy_00006.jpg
41	2.000000	Andy/Andy_00010.jpg
1916	122.000000	cocobcncdonkey/cocobcncdonkey_00000.jpg
1044	60.000000	Jumpy/Jumpy_00009.jpg
65	3.000000	Angel/Angel_00007.jpg
1761	109.000000	Tonic/Tonic_102.jpg
1168	68.000000	Luckie/Luckie_00012.jpg
1712	106.000000	Thomas/Thomas_00001.jpg
1598	97.000000	Sammy/Sammy_00009.jpg
1769	111.000000	Trevor/Trevor_00002.jpg
1770	111.000000	Trevor/Trevor_00003.jpg
796	45.000000	Geraldine/Geraldine_00004.jpg
787	44.000000	Galentine/Galentine_103.jpg
795	45.000000	Geraldine/Geraldine_00003.jpg
1810	113.000000	Twiggy/Twiggy_102.jpg
607	34.000000	Eddie/Eddie_00001.jpg
1923	125.000000	dougie/dougie_00000.jpg
1912	121.000000	boy/boy_00000.jpg
354	19.000000	China/China_00001.jpg
969	56.000000	Jimbob/Jimbob_00013.jpg
1842	115.000000	Wilfie/Wilfie_00008.jpg
292	14.000000	Blakey/Blakey_114.jpg
497	27.000000	Dennis/Dennis_00012.jpg
1182	69.000000	Major/Major_00002.jpg
1309	77.000000	Olivia/Olivia_00009.jpg
1518	93.000000	Rosie Lee/Rosie Lee_102.jpg
821	46.000000	Hannah/Hannah_00007.jpg
51	2.000000	Andy/Andy_104.jpg
18	0.000000	Amber/Amber_103.jpg
797	45.000000	Geraldine/Geraldine_00005.jpg
586	33.000000	Dylan/Dylan_00007.jpg
1314	77.000000	Olivia/Olivia_104.jpg
420	23.000000	Colin jr/Colin jr_108.jpg
1918	123.000000	colinjr/colinjr_00002.jpg
968	56.000000	Jimbob/Jimbob_00012.jpg
1644	100.000000	Sid/Sid_109.jpg
1082	63.000000	Lavender/Lavender_104.jpg
1302	77.000000	Olivia/Olivia_00002.jpg
1001	58.000000	Joseph/Joseph_00005.jpg
1880	117.000000	Womble/Womble_00006.jpg
1766	110.000000	Treacle/Treacle_113.jpg
588	33.000000	Dylan/Dylan_00009.jpg
1228	71.000000	Molly/Molly_00014.jpg
1747	108.000000	Toby/Toby_107.jpg
1708	105.000000	Theo/Theo_109.jpg
1393	83.000000	Pinky/Pinky_00011.jpg
590	33.000000	Dylan/Dylan_00011.jpg
3	0.000000	Amber/Amber_00003.jpg
754	42.000000	Frida/Frida_101.jpg
921	52.000000	Jack/Jack_111.jpg
1934	127.000000	frankie/frankie_00003.jpg
1894	118.000000	Woody/Woody_00012.jpg
1869	116.000000	Wizzy/Wizzy_00020.jpg
888	51.000000	India/India_00000.jpg
1152	67.000000	Lola/Lola_103.jpg
363	19.000000	China/China_00012.jpg
1420	86.000000	Poncho/Poncho_00008.jpg
679	37.000000	Emyr/Emyr_00013.jpg
809	45.000000	Geraldine/Geraldine_00018.jpg
1401	83.000000	Pinky/Pinky_110.jpg
1569	95.000000	Rupert/Rupert_00032.jpg
831	46.000000	Hannah/Hannah_105.jpg
318	16.000000	Buttons/Buttons_00019.jpg
1253	72.000000	Moses/Moses_114.jpg
1860	116.000000	Wizzy/Wizzy_00008.jpg
174	7.000000	Augustus/Augustus_108.jpg
1084	64.000000	Leighton/Leighton_00000.jpg
1841	115.000000	Wilfie/Wilfie_00007.jpg
1293	76.000000	Noah/Noah_00008.jpg
1707	105.000000	Theo/Theo_108.jpg
1256	73.000000	Murphy/Murphy_109.jpg
1004	58.000000	Joseph/Joseph_00008.jpg
185	8.000000	Autumn/Autumn_00007.jpg
176	7.000000	Augustus/Augustus_110.jpg
373	19.000000	China/China_112.jpg
637	35.000000	Eiffion/Eiffion_00002.jpg
1289	76.000000	Noah/Noah_00003.jpg
1015	59.000000	Josephine/Josephine_00004.jpg
87	4.000000	Angus/Angus_00006.jpg
1132	66.000000	Lily/Lily_106.jpg
1281	75.000000	Nick/Nick_00004.jpg
569	32.000000	Dora/Dora_00011.jpg
1936	128.000000	helene/helene_00001.jpg
981	56.000000	Jimbob/Jimbob_00027.jpg
1653	101.000000	Smudgie/Smudgie_00009.jpg
1285	75.000000	Nick/Nick_00008.jpg
1906	119.000000	ant/ant_00002.jpg
202	9.000000	Barbara/Barbara_00009.jpg
1096	64.000000	Leighton/Leighton_00015.jpg
166	7.000000	Augustus/Augustus_00015.jpg
551	31.000000	Donkeyote/Donkeyote_103.jpg
9	0.000000	Amber/Amber_00009.jpg
1851	115.000000	Wilfie/Wilfie_102.jpg
1844	115.000000	Wilfie/Wilfie_00010.jpg
1466	90.000000	Prune/Prune_00006.jpg
478	26.000000	Dave/Dave_00012.jpg
632	34.000000	Eddie/Eddie_00028.jpg
766	44.000000	Galentine/Galentine_00000.jpg
324	16.000000	Buttons/Buttons_102.jpg
1252	72.000000	Moses/Moses_113.jpg
589	33.000000	Dylan/Dylan_00010.jpg
1042	60.000000	Jumpy/Jumpy_00007.jpg
148	6.000000	Archie Baby/Archie Baby_107.jpg
1535	94.000000	Ruby/Ruby_110.jpg
1798	113.000000	Twiggy/Twiggy_00006.jpg
704	38.000000	Eva/Eva_00017.jpg
975	56.000000	Jimbob/Jimbob_00021.jpg
559	31.000000	Donkeyote/Donkeyote_122.jpg
1790	112.000000	Trixie/Trixie_00009.jpg
93	4.000000	Angus/Angus_00013.jpg
1415	86.000000	Poncho/Poncho_00001.jpg
832	46.000000	Hannah/Hannah_109.jpg
1925	125.000000	dougie/dougie_00002.jpg
1812	113.000000	Twiggy/Twiggy_104.jpg
988	57.000000	Jiva/Jiva_00003.jpg
573	32.000000	Dora/Dora_00015.jpg
1260	74.000000	Myra/Myra_00002.jpg
38	2.000000	Andy/Andy_00007.jpg
165	7.000000	Augustus/Augustus_00014.jpg
503	27.000000	Dennis/Dennis_00018.jpg
157	7.000000	Augustus/Augustus_00006.jpg
361	19.000000	China/China_00009.jpg
432	24.000000	Daffyd/Daffyd_00010.jpg
1086	64.000000	Leighton/Leighton_00004.jpg
199	9.000000	Barbara/Barbara_00006.jpg
1022	59.000000	Josephine/Josephine_00011.jpg
505	27.000000	Dennis/Dennis_102.jpg
836	47.000000	Harvey/Harvey_00002.jpg
1265	74.000000	Myra/Myra_00007.jpg
818	46.000000	Hannah/Hannah_00004.jpg
1832	114.000000	Twinkle/Twinkle_00014.jpg
696	38.000000	Eva/Eva_00009.jpg
1560	95.000000	Rupert/Rupert_00023.jpg
258	12.000000	Belle Helene/Belle Helene_00013.jpg
1825	114.000000	Twinkle/Twinkle_00007.jpg
664	36.000000	Elvis/Elvis_00018.jpg
744	42.000000	Frida/Frida_00009.jpg
814	46.000000	Hannah/Hannah_00000.jpg
1093	64.000000	Leighton/Leighton_00012.jpg
591	33.000000	Dylan/Dylan_00012.jpg
1780	111.000000	Trevor/Trevor_112.jpg
1178	68.000000	Luckie/Luckie_105.jpg
937	53.000000	Javette/Javette_105.jpg
1190	69.000000	Major/Major_00011.jpg
528	30.000000	Dolly/Dolly_00001.jpg
1343	79.000000	Paddy O/Paddy O_107.jpg
85	4.000000	Angus/Angus_00004.jpg
728	40.000000	Frank/Frank_00017.jpg
152	7.000000	Augustus/Augustus_00001.jpg
1771	111.000000	Trevor/Trevor_00004.jpg
1221	71.000000	Molly/Molly_00007.jpg
1021	59.000000	Josephine/Josephine_00010.jpg
542	31.000000	Donkeyote/Donkeyote_00006.jpg
80	3.000000	Angel/Angel_122.jpg
690	38.000000	Eva/Eva_00003.jpg
955	55.000000	Jill/Jill_113.jpg
44	2.000000	Andy/Andy_00013.jpg
826	46.000000	Hannah/Hannah_00016.jpg
488	27.000000	Dennis/Dennis_00003.jpg
1061	61.000000	Koko/Koko_00013.jpg
1354	81.000000	Perky/Perky_00005.jpg
438	24.000000	Daffyd/Daffyd_00016.jpg
758	42.000000	Frida/Frida_118.jpg
1593	97.000000	Sammy/Sammy_00003.jpg
1262	74.000000	Myra/Myra_00004.jpg
347	18.000000	Charity/Charity_101.jpg
1548	95.000000	Rupert/Rupert_00011.jpg
1794	112.000000	Trixie/Trixie_111.jpg
1791	112.000000	Trixie/Trixie_00010.jpg
190	8.000000	Autumn/Autumn_00012.jpg
851	48.000000	Hope/Hope_00005.jpg
1355	81.000000	Perky/Perky_00006.jpg
1883	117.000000	Womble/Womble_104.jpg
360	19.000000	China/China_00008.jpg
1514	93.000000	Rosie Lee/Rosie Lee_00005.jpg
493	27.000000	Dennis/Dennis_00008.jpg
545	31.000000	Donkeyote/Donkeyote_00009.jpg
56	2.000000	Andy/Andy_114.jpg
1801	113.000000	Twiggy/Twiggy_00009.jpg
532	30.000000	Dolly/Dolly_00007.jpg
802	45.000000	Geraldine/Geraldine_00010.jpg
819	46.000000	Hannah/Hannah_00005.jpg
1621	100.000000	Sid/Sid_00000.jpg
445	24.000000	Daffyd/Daffyd_104.jpg
518	29.000000	Diana/Diana_00006.jpg
544	31.000000	Donkeyote/Donkeyote_00008.jpg
419	23.000000	Colin jr/Colin jr_107.jpg
1896	118.000000	Woody/Woody_00014.jpg
892	51.000000	India/India_00005.jpg
398	21.000000	Cocoa Pops/Cocoa Pops_00003.jpg
317	16.000000	Buttons/Buttons_00018.jpg
781	44.000000	Galentine/Galentine_00016.jpg
870	49.000000	Hovis/Hovis_00012.jpg
124	5.000000	Archie/Archie_00020.jpg
1018	59.000000	Josephine/Josephine_00007.jpg
170	7.000000	Augustus/Augustus_00020.jpg
14	0.000000	Amber/Amber_00014.jpg
1576	96.000000	Ryan/Ryan_00001.jpg
1630	100.000000	Sid/Sid_00009.jpg
1856	116.000000	Wizzy/Wizzy_00003.jpg
86	4.000000	Angus/Angus_00005.jpg
1344	79.000000	Paddy O/Paddy O_109.jpg
1227	71.000000	Molly/Molly_00013.jpg
967	56.000000	Jimbob/Jimbob_00011.jpg
1888	118.000000	Woody/Woody_00003.jpg
1063	61.000000	Koko/Koko_00015.jpg
1926	125.000000	dougie/dougie_00003.jpg
32	2.000000	Andy/Andy_00001.jpg
908	51.000000	India/India_00021.jpg
226	10.000000	Barnaby/Barnaby_00017.jpg
1365	82.000000	Phantom/Phantom_00004.jpg
312	16.000000	Buttons/Buttons_00013.jpg
548	31.000000	Donkeyote/Donkeyote_00013.jpg
643	35.000000	Eiffion/Eiffion_00009.jpg
1920	124.000000	dec/dec_00000.jpg
1236	71.000000	Molly/Molly_113.jpg
645	35.000000	Eiffion/Eiffion_00016.jpg
1633	100.000000	Sid/Sid_00012.jpg
167	7.000000	Augustus/Augustus_00016.jpg
867	49.000000	Hovis/Hovis_00009.jpg
1459	89.000000	Poppy/Poppy_103.jpg
1539	95.000000	Rupert/Rupert_00002.jpg
314	16.000000	Buttons/Buttons_00015.jpg
1867	116.000000	Wizzy/Wizzy_00018.jpg
1325	79.000000	Paddy O/Paddy O_00000.jpg
1222	71.000000	Molly/Molly_00008.jpg
702	38.000000	Eva/Eva_00015.jpg
320	16.000000	Buttons/Buttons_00021.jpg
180	8.000000	Autumn/Autumn_00002.jpg
666	37.000000	Emyr/Emyr_00000.jpg
393	20.000000	Coco/Coco_112.jpg
1271	74.000000	Myra/Myra_00015.jpg
896	51.000000	India/India_00009.jpg
1835	115.000000	Wilfie/Wilfie_00001.jpg
624	34.000000	Eddie/Eddie_00019.jpg
627	34.000000	Eddie/Eddie_00023.jpg
212	10.000000	Barnaby/Barnaby_00001.jpg
1846	115.000000	Wilfie/Wilfie_00012.jpg
1284	75.000000	Nick/Nick_00007.jpg
245	11.000000	Bear/Bear_112.jpg
657	36.000000	Elvis/Elvis_00007.jpg
751	42.000000	Frida/Frida_00018.jpg
1833	114.000000	Twinkle/Twinkle_00015.jpg
1797	113.000000	Twiggy/Twiggy_00005.jpg
22	0.000000	Amber/Amber_107.jpg
1422	86.000000	Poncho/Poncho_00010.jpg
948	54.000000	Jenny/Jenny_00006.jpg
476	26.000000	Dave/Dave_00010.jpg
1448	89.000000	Poppy/Poppy_00004.jpg
1184	69.000000	Major/Major_00004.jpg
81	4.000000	Angus/Angus_00000.jpg
376	20.000000	Coco/Coco_00000.jpg
1410	85.000000	Pinto O'Sullivan/Pinto O'Sullivan_00004.jpg
218	10.000000	Barnaby/Barnaby_00007.jpg
1073	62.000000	Larry/Larry_00004.jpg
1793	112.000000	Trixie/Trixie_110.jpg
1238	72.000000	Moses/Moses_00001.jpg
60	3.000000	Angel/Angel_00002.jpg
524	29.000000	Diana/Diana_103.jpg
1204	70.000000	Marie Ange/Marie Ange_00008.jpg
1036	60.000000	Jumpy/Jumpy_00001.jpg
1374	82.000000	Phantom/Phantom_00014.jpg
97	4.000000	Angus/Angus_00017.jpg
1008	58.000000	Joseph/Joseph_103.jpg
416	23.000000	Colin jr/Colin jr_104.jpg
977	56.000000	Jimbob/Jimbob_00023.jpg
1045	60.000000	Jumpy/Jumpy_106.jpg
717	40.000000	Frank/Frank_00005.jpg
979	56.000000	Jimbob/Jimbob_00025.jpg
1510	92.000000	Rosie/Rosie_110.jpg
106	5.000000	Archie/Archie_00002.jpg
1292	76.000000	Noah/Noah_00007.jpg
961	56.000000	Jimbob/Jimbob_00005.jpg
256	12.000000	Belle Helene/Belle Helene_00011.jpg
182	8.000000	Autumn/Autumn_00004.jpg
1122	66.000000	Lily/Lily_00012.jpg
231	10.000000	Barnaby/Barnaby_108.jpg
1037	60.000000	Jumpy/Jumpy_00002.jpg
460	25.000000	Daphne/Daphne_00011.jpg
29	1.000000	Amberley/Amberley_105.jpg
71	3.000000	Angel/Angel_00015.jpg
468	26.000000	Dave/Dave_00002.jpg
713	40.000000	Frank/Frank_00000.jpg
1574	95.000000	Rupert/Rupert_00037.jpg
1512	93.000000	Rosie Lee/Rosie Lee_00003.jpg
464	25.000000	Daphne/Daphne_106.jpg
576	32.000000	Dora/Dora_109.jpg
966	56.000000	Jimbob/Jimbob_00010.jpg
1693	104.000000	Tabitha Grace/Tabitha Grace_108.jpg
237	11.000000	Bear/Bear_00006.jpg
661	36.000000	Elvis/Elvis_00012.jpg
992	57.000000	Jiva/Jiva_00007.jpg
1322	78.000000	Paddy/Paddy_117.jpg
1785	112.000000	Trixie/Trixie_00004.jpg
1493	92.000000	Rosie/Rosie_00001.jpg
1465	90.000000	Prune/Prune_00004.jpg
777	44.000000	Galentine/Galentine_00012.jpg
1158	68.000000	Luckie/Luckie_00001.jpg
1933	127.000000	frankie/frankie_00002.jpg
733	41.000000	Frankie/Frankie_103.jpg
348	18.000000	Charity/Charity_104.jpg
300	16.000000	Buttons/Buttons_00000.jpg
1649	101.000000	Smudgie/Smudgie_00004.jpg
1135	67.000000	Lola/Lola_00003.jpg
1554	95.000000	Rupert/Rupert_00017.jpg
287	14.000000	Blakey/Blakey_00008.jpg
1829	114.000000	Twinkle/Twinkle_00011.jpg
1160	68.000000	Luckie/Luckie_00003.jpg
1136	67.000000	Lola/Lola_00004.jpg
195	9.000000	Barbara/Barbara_00002.jpg
1378	82.000000	Phantom/Phantom_00018.jpg
1656	101.000000	Smudgie/Smudgie_00012.jpg
601	33.000000	Dylan/Dylan_00022.jpg
181	8.000000	Autumn/Autumn_00003.jpg
1411	85.000000	Pinto O'Sullivan/Pinto O'Sullivan_00005.jpg
217	10.000000	Barnaby/Barnaby_00006.jpg
984	56.000000	Jimbob/Jimbob_109.jpg
316	16.000000	Buttons/Buttons_00017.jpg
1889	118.000000	Woody/Woody_00007.jpg
40	2.000000	Andy/Andy_00009.jpg
852	48.000000	Hope/Hope_00006.jpg
904	51.000000	India/India_00017.jpg
95	4.000000	Angus/Angus_00015.jpg
142	6.000000	Archie Baby/Archie Baby_00004.jpg
179	8.000000	Autumn/Autumn_00001.jpg
719	40.000000	Frank/Frank_00007.jpg
1450	89.000000	Poppy/Poppy_00006.jpg
880	50.000000	Hulk/Hulk_00002.jpg
938	53.000000	Javette/Javette_106.jpg
805	45.000000	Geraldine/Geraldine_00014.jpg
1885	118.000000	Woody/Woody_00000.jpg
456	25.000000	Daphne/Daphne_00007.jpg
1261	74.000000	Myra/Myra_00003.jpg
1185	69.000000	Major/Major_00006.jpg
1806	113.000000	Twiggy/Twiggy_00014.jpg
257	12.000000	Belle Helene/Belle Helene_00012.jpg
616	34.000000	Eddie/Eddie_00011.jpg
1905	119.000000	ant/ant_00001.jpg
227	10.000000	Barnaby/Barnaby_102.jpg
1033	59.000000	Josephine/Josephine_105.jpg
1196	70.000000	Marie Ange/Marie Ange_00000.jpg
1197	70.000000	Marie Ange/Marie Ange_00001.jpg
1837	115.000000	Wilfie/Wilfie_00003.jpg
278	13.000000	Betty/Betty_104.jpg
1528	94.000000	Ruby/Ruby_00005.jpg
1296	76.000000	Noah/Noah_106.jpg
936	53.000000	Javette/Javette_104.jpg
1280	75.000000	Nick/Nick_00003.jpg
149	6.000000	Archie Baby/Archie Baby_108.jpg
554	31.000000	Donkeyote/Donkeyote_112.jpg
1125	66.000000	Lily/Lily_00015.jpg
1180	69.000000	Major/Major_00000.jpg
1230	71.000000	Molly/Molly_00016.jpg
1772	111.000000	Trevor/Trevor_00005.jpg
435	24.000000	Daffyd/Daffyd_00013.jpg
400	21.000000	Cocoa Pops/Cocoa Pops_00006.jpg
914	52.000000	Jack/Jack_103.jpg
1690	104.000000	Tabitha Grace/Tabitha Grace_105.jpg
782	44.000000	Galentine/Galentine_00017.jpg
779	44.000000	Galentine/Galentine_00014.jpg
1945	130.000000	pony/pony_00003.jpg
811	45.000000	Geraldine/Geraldine_103.jpg
1039	60.000000	Jumpy/Jumpy_00004.jpg
654	36.000000	Elvis/Elvis_00003.jpg
1440	88.000000	Popcorn (poppy)/Popcorn (poppy)_00006.jpg
27	1.000000	Amberley/Amberley_103.jpg
1505	92.000000	Rosie/Rosie_105.jpg
1397	83.000000	Pinky/Pinky_106.jpg
6	0.000000	Amber/Amber_00006.jpg
1427	87.000000	Popcorn/Popcorn_103.jpg
325	16.000000	Buttons/Buttons_104.jpg
294	15.000000	Buster/Buster_102.jpg
1873	116.000000	Wizzy/Wizzy_111.jpg
1639	100.000000	Sid/Sid_00018.jpg
721	40.000000	Frank/Frank_00009.jpg
1264	74.000000	Myra/Myra_00006.jpg
1419	86.000000	Poncho/Poncho_00006.jpg
46	2.000000	Andy/Andy_00015.jpg
171	7.000000	Augustus/Augustus_00021.jpg
377	20.000000	Coco/Coco_00001.jpg
1577	96.000000	Ryan/Ryan_00002.jpg
1491	91.000000	Rose/Rose_00014.jpg
69	3.000000	Angel/Angel_00011.jpg
909	51.000000	India/India_102.jpg
1379	82.000000	Phantom/Phantom_00019.jpg
663	36.000000	Elvis/Elvis_00017.jpg
722	40.000000	Frank/Frank_00010.jpg
1826	114.000000	Twinkle/Twinkle_00008.jpg
1681	103.000000	Tabby/Tabby_00003.jpg
177	7.000000	Augustus/Augustus_111.jpg
47	2.000000	Andy/Andy_00016.jpg
1913	121.000000	boy/boy_00001.jpg
1485	91.000000	Rose/Rose_00008.jpg
1316	77.000000	Olivia/Olivia_112.jpg
1319	78.000000	Paddy/Paddy_114.jpg
610	34.000000	Eddie/Eddie_00005.jpg
449	25.000000	Daphne/Daphne_00000.jpg
163	7.000000	Augustus/Augustus_00012.jpg
1338	79.000000	Paddy O/Paddy O_00014.jpg
19	0.000000	Amber/Amber_104.jpg
824	46.000000	Hannah/Hannah_00010.jpg
475	26.000000	Dave/Dave_00009.jpg
603	33.000000	Dylan/Dylan_107.jpg
1143	67.000000	Lola/Lola_00011.jpg
1684	103.000000	Tabby/Tabby_00006.jpg
1884	117.000000	Womble/Womble_105.jpg
77	3.000000	Angel/Angel_118.jpg
623	34.000000	Eddie/Eddie_00018.jpg
1631	100.000000	Sid/Sid_00010.jpg
1720	107.000000	Tim/Tim_00001.jpg
5	0.000000	Amber/Amber_00005.jpg
555	31.000000	Donkeyote/Donkeyote_114.jpg
799	45.000000	Geraldine/Geraldine_00007.jpg
1767	111.000000	Trevor/Trevor_00000.jpg
466	26.000000	Dave/Dave_00000.jpg
390	20.000000	Coco/Coco_109.jpg
194	9.000000	Barbara/Barbara_00001.jpg
1455	89.000000	Poppy/Poppy_00011.jpg
1723	107.000000	Tim/Tim_00004.jpg
533	30.000000	Dolly/Dolly_00008.jpg
1784	112.000000	Trixie/Trixie_00003.jpg
550	31.000000	Donkeyote/Donkeyote_102.jpg
1224	71.000000	Molly/Molly_00010.jpg
158	7.000000	Augustus/Augustus_00007.jpg
845	47.000000	Harvey/Harvey_00011.jpg
1696	104.000000	Tabitha Grace/Tabitha Grace_111.jpg
427	24.000000	Daffyd/Daffyd_00005.jpg
1692	104.000000	Tabitha Grace/Tabitha Grace_107.jpg
297	15.000000	Buster/Buster_108.jpg
855	48.000000	Hope/Hope_00009.jpg
514	29.000000	Diana/Diana_00002.jpg
1187	69.000000	Major/Major_00008.jpg
1242	72.000000	Moses/Moses_00005.jpg
397	21.000000	Cocoa Pops/Cocoa Pops_00002.jpg
1072	62.000000	Larry/Larry_00003.jpg
930	53.000000	Javette/Javette_00008.jpg
1424	86.000000	Poncho/Poncho_102.jpg
1857	116.000000	Wizzy/Wizzy_00004.jpg
922	53.000000	Javette/Javette_00000.jpg
971	56.000000	Jimbob/Jimbob_00015.jpg
873	49.000000	Hovis/Hovis_00015.jpg
1107	65.000000	Lenny/Lenny_101.jpg
75	3.000000	Angel/Angel_112.jpg
823	46.000000	Hannah/Hannah_00009.jpg
1501	92.000000	Rosie/Rosie_00009.jpg
1408	85.000000	Pinto O'Sullivan/Pinto O'Sullivan_00002.jpg
136	5.000000	Archie/Archie_107.jpg
515	29.000000	Diana/Diana_00003.jpg
251	12.000000	Belle Helene/Belle Helene_00005.jpg
184	8.000000	Autumn/Autumn_00006.jpg
1313	77.000000	Olivia/Olivia_103.jpg
433	24.000000	Daffyd/Daffyd_00011.jpg
286	14.000000	Blakey/Blakey_00007.jpg
1775	111.000000	Trevor/Trevor_00008.jpg
193	9.000000	Barbara/Barbara_00000.jpg
322	16.000000	Buttons/Buttons_00023.jpg
509	28.000000	Desmond/Desmond_105flip.jpg
405	22.000000	Colin Jnr/Colin Jnr_00000.jpg
96	4.000000	Angus/Angus_00016.jpg
1546	95.000000	Rupert/Rupert_00009.jpg
970	56.000000	Jimbob/Jimbob_00014.jpg
1635	100.000000	Sid/Sid_00014.jpg
101	4.000000	Angus/Angus_111.jpg
329	17.000000	Charford Jack/Charford Jack_00000.jpg
911	51.000000	India/India_111.jpg
1435	88.000000	Popcorn (poppy)/Popcorn (poppy)_00001.jpg
79	3.000000	Angel/Angel_120.jpg
1116	66.000000	Lily/Lily_00004.jpg
976	56.000000	Jimbob/Jimbob_00022.jpg
1317	78.000000	Paddy/Paddy_102.jpg
1351	81.000000	Perky/Perky_00001.jpg
1266	74.000000	Myra/Myra_00008.jpg
310	16.000000	Buttons/Buttons_00011.jpg
1460	89.000000	Poppy/Poppy_113.jpg
1388	83.000000	Pinky/Pinky_00006.jpg
820	46.000000	Hannah/Hannah_00006.jpg
213	10.000000	Barnaby/Barnaby_00002.jpg
1484	91.000000	Rose/Rose_00007.jpg
798	45.000000	Geraldine/Geraldine_00006.jpg
89	4.000000	Angus/Angus_00008.jpg
428	24.000000	Daffyd/Daffyd_00006.jpg
1813	113.000000	Twiggy/Twiggy_114.jpg
1474	90.000000	Prune/Prune_00015.jpg
243	11.000000	Bear/Bear_103.jpg
1075	62.000000	Larry/Larry_00007.jpg
1683	103.000000	Tabby/Tabby_00005.jpg
1887	118.000000	Woody/Woody_00002.jpg
973	56.000000	Jimbob/Jimbob_00017.jpg
233	11.000000	Bear/Bear_00001.jpg
1862	116.000000	Wizzy/Wizzy_00010.jpg
25	0.000000	Amber/Amber_110.jpg
1932	127.000000	frankie/frankie_00001.jpg
683	37.000000	Emyr/Emyr_00017.jpg
731	40.000000	Frank/Frank_00021.jpg
1163	68.000000	Luckie/Luckie_00006.jpg
1489	91.000000	Rose/Rose_00012.jpg
1533	94.000000	Ruby/Ruby_104.jpg
1647	101.000000	Smudgie/Smudgie_00002.jpg
1332	79.000000	Paddy O/Paddy O_00007.jpg
443	24.000000	Daffyd/Daffyd_102.jpg
1272	74.000000	Myra/Myra_00016.jpg
1074	62.000000	Larry/Larry_00006.jpg
634	34.000000	Eddie/Eddie_103.jpg
448	24.000000	Daffyd/Daffyd_114.jpg
1219	71.000000	Molly/Molly_00005.jpg
1601	97.000000	Sammy/Sammy_00012.jpg
103	4.000000	Angus/Angus_113.jpg
1470	90.000000	Prune/Prune_00010.jpg
247	12.000000	Belle Helene/Belle Helene_00001.jpg
1425	86.000000	Poncho/Poncho_109.jpg
1446	89.000000	Poppy/Poppy_00002.jpg
563	32.000000	Dora/Dora_00004.jpg
1543	95.000000	Rupert/Rupert_00006.jpg
111	5.000000	Archie/Archie_00007.jpg
337	18.000000	Charity/Charity_00002.jpg
669	37.000000	Emyr/Emyr_00003.jpg
1764	110.000000	Treacle/Treacle_104.jpg
1198	70.000000	Marie Ange/Marie Ange_00002.jpg
1384	83.000000	Pinky/Pinky_00002.jpg
119	5.000000	Archie/Archie_00015.jpg
301	16.000000	Buttons/Buttons_00001.jpg
520	29.000000	Diana/Diana_00008.jpg
1193	69.000000	Major/Major_00014.jpg
1010	58.000000	Joseph/Joseph_112.jpg
1640	100.000000	Sid/Sid_102.jpg
1051	61.000000	Koko/Koko_00003.jpg
1818	114.000000	Twinkle/Twinkle_00000.jpg
1570	95.000000	Rupert/Rupert_00033.jpg
895	51.000000	India/India_00008.jpg
1463	90.000000	Prune/Prune_00002.jpg
1447	89.000000	Poppy/Poppy_00003.jpg
1687	103.000000	Tabby/Tabby_00009.jpg
1735	108.000000	Toby/Toby_00004.jpg
491	27.000000	Dennis/Dennis_00006.jpg
517	29.000000	Diana/Diana_00005.jpg
889	51.000000	India/India_00001.jpg
1334	79.000000	Paddy O/Paddy O_00009.jpg
614	34.000000	Eddie/Eddie_00009.jpg
1823	114.000000	Twinkle/Twinkle_00005.jpg
207	9.000000	Barbara/Barbara_00014.jpg
1666	101.000000	Smudgie/Smudgie_109.jpg
126	5.000000	Archie/Archie_00022.jpg
1559	95.000000	Rupert/Rupert_00022.jpg
822	46.000000	Hannah/Hannah_00008.jpg
990	57.000000	Jiva/Jiva_00005.jpg
743	42.000000	Frida/Frida_00006.jpg
1749	109.000000	Tonic/Tonic_00000.jpg
1110	65.000000	Lenny/Lenny_107.jpg
703	38.000000	Eva/Eva_00016.jpg
1396	83.000000	Pinky/Pinky_00014.jpg
1081	63.000000	Lavender/Lavender_103.jpg
693	38.000000	Eva/Eva_00006.jpg
1209	70.000000	Marie Ange/Marie Ange_00013.jpg
1412	85.000000	Pinto O'Sullivan/Pinto O'Sullivan_00006.jpg
593	33.000000	Dylan/Dylan_00014.jpg
1462	90.000000	Prune/Prune_00001.jpg
1939	129.000000	jack/jack_00000.jpg
1587	96.000000	Ryan/Ryan_109.jpg
1267	74.000000	Myra/Myra_00011.jpg
1469	90.000000	Prune/Prune_00009.jpg
506	27.000000	Dennis/Dennis_108.jpg
1247	72.000000	Moses/Moses_00011.jpg
107	5.000000	Archie/Archie_00003.jpg
1550	95.000000	Rupert/Rupert_00013.jpg
1134	67.000000	Lola/Lola_00002.jpg
1277	75.000000	Nick/Nick_00000.jpg
259	12.000000	Belle Helene/Belle Helene_00014.jpg
793	45.000000	Geraldine/Geraldine_00001.jpg
1847	115.000000	Wilfie/Wilfie_00013.jpg
1306	77.000000	Olivia/Olivia_00006.jpg
1637	100.000000	Sid/Sid_00016.jpg
917	52.000000	Jack/Jack_106.jpg
485	27.000000	Dennis/Dennis_00000.jpg
1363	81.000000	Perky/Perky_110.jpg
1871	116.000000	Wizzy/Wizzy_103.jpg
53	2.000000	Andy/Andy_106.jpg
1722	107.000000	Tim/Tim_00003.jpg
342	18.000000	Charity/Charity_00007.jpg
394	20.000000	Coco/Coco_113.jpg
332	17.000000	Charford Jack/Charford Jack_00003.jpg
1159	68.000000	Luckie/Luckie_00002.jpg
1743	108.000000	Toby/Toby_00012.jpg
1584	96.000000	Ryan/Ryan_106.jpg
302	16.000000	Buttons/Buttons_00002.jpg
810	45.000000	Geraldine/Geraldine_102.jpg
1234	71.000000	Molly/Molly_102.jpg
11	0.000000	Amber/Amber_00011.jpg
369	19.000000	China/China_00018.jpg
254	12.000000	Belle Helene/Belle Helene_00008.jpg
1307	77.000000	Olivia/Olivia_00007.jpg
1328	79.000000	Paddy O/Paddy O_00003.jpg
1754	109.000000	Tonic/Tonic_00005.jpg
328	16.000000	Buttons/Buttons_109.jpg
768	44.000000	Galentine/Galentine_00002.jpg
1675	102.000000	Sunny/Sunny_108.jpg
1622	100.000000	Sid/Sid_00001.jpg
1845	115.000000	Wilfie/Wilfie_00011.jpg
564	32.000000	Dora/Dora_00005.jpg
1137	67.000000	Lola/Lola_00005.jpg
944	54.000000	Jenny/Jenny_00001.jpg
825	46.000000	Hannah/Hannah_00011.jpg
431	24.000000	Daffyd/Daffyd_00009.jpg
1709	105.000000	Theo/Theo_118.jpg
839	47.000000	Harvey/Harvey_00005.jpg
1282	75.000000	Nick/Nick_00005.jpg
757	42.000000	Frida/Frida_117.jpg
710	39.000000	Evie/Evie_103.jpg
1828	114.000000	Twinkle/Twinkle_00010.jpg
386	20.000000	Coco/Coco_105.jpg
288	14.000000	Blakey/Blakey_00009.jpg
365	19.000000	China/China_00014.jpg
417	23.000000	Colin jr/Colin jr_105.jpg
1572	95.000000	Rupert/Rupert_00035.jpg
1718	106.000000	Thomas/Thomas_102.jpg
633	34.000000	Eddie/Eddie_102.jpg
470	26.000000	Dave/Dave_00004.jpg
686	37.000000	Emyr/Emyr_105.jpg
418	23.000000	Colin jr/Colin jr_106.jpg
1326	79.000000	Paddy O/Paddy O_00001.jpg
1910	120.000000	baby/baby_00002.jpg
1349	80.000000	Pearl/Pearl_00003.jpg
98	4.000000	Angus/Angus_104.jpg
539	31.000000	Donkeyote/Donkeyote_00003.jpg
933	53.000000	Javette/Javette_00011.jpg
1508	92.000000	Rosie/Rosie_108.jpg
164	7.000000	Augustus/Augustus_00013.jpg
248	12.000000	Belle Helene/Belle Helene_00002.jpg
1091	64.000000	Leighton/Leighton_00010.jpg
225	10.000000	Barnaby/Barnaby_00016.jpg
1638	100.000000	Sid/Sid_00017.jpg
1038	60.000000	Jumpy/Jumpy_00003.jpg
887	50.000000	Hulk/Hulk_00009.jpg
716	40.000000	Frank/Frank_00004.jpg
1499	92.000000	Rosie/Rosie_00007.jpg
804	45.000000	Geraldine/Geraldine_00013.jpg
1444	89.000000	Poppy/Poppy_00000.jpg
357	19.000000	China/China_00005.jpg
1578	96.000000	Ryan/Ryan_00003.jpg
931	53.000000	Javette/Javette_00009.jpg
941	53.000000	Javette/Javette_109.jpg
298	15.000000	Buster/Buster_109.jpg
